[1m=================================== test session starts ===================================[0m
platform linux -- Python 3.13.2, pytest-8.3.5, pluggy-1.5.0
cachedir: .tox/tests/.pytest_cache
rootdir: /workdir
configfile: pyproject.toml
plugins: cov-6.0.0, anyio-4.8.0
collected 82 items

tests/structures/test_conditional_dict.py [32m.[0m[32m.[0m[32m.[0m[32m.[0m[32m                                      [  4%][0m
tests/structures/test_document.py [32m.[0m[32m                                                 [  6%][0m
tests/structures/test_record_store.py [32m.[0m[32m.[0m[32m                                            [  8%][0m
tests/structures/test_tree.py [32m.[0m[32m.[0m[32m.[0m[32m.[0m[32m.[0m[32m.[0m[32m.[0m[32m.[0m[32m.[0m[32m.[0m[32m.[0m[32m.[0m[32m                                          [ 23%][0m
tests/utils/test_elasticsearch_utils.py [32m.[0m[32m.[0m[32m.[0m[32m.[0m[32m.[0m[32m.[0m[32m.[0m[32m                                     [ 31%][0m
tests/utils/test_file_utils.py [32m.[0m[32m.[0m[32m                                                   [ 34%][0m
tests/utils/test_json_utils.py [32m.[0m[32m.[0m[32m.[0m[32m.[0m[32m.[0m[32m                                                [ 40%][0m
tests/utils/test_llm_utils.py [32m.[0m[32m.[0m[32m.[0m[32m.[0m[32m.[0m[32m.[0m[32m                                                [ 47%][0m
tests/utils/test_pandas_utils.py [32m.[0m[32m.[0m[32m.[0m[32m.[0m[32m.[0m[32m.[0m[32m.[0m[32m                                            [ 56%][0m
tests/utils/test_requests_utils.py [32m.[0m[32m.[0m[32m.[0m[32m                                              [ 59%][0m
tests/utils/test_resource_utils.py [32m.[0m[32m                                                [ 60%][0m
tests/utils/test_stats_utils.py [32m.[0m[32m.[0m[32m.[0m[32m.[0m[32m.[0m[32m.[0m[32m.[0m[32m.[0m[32m.[0m[32m.[0m[32m.[0m[32m.[0m[32m                                        [ 75%][0m
tests/utils/test_xml_utils.py [32m.[0m[32m.[0m[32m                                                    [ 78%][0m
tests/xization/test_authorities.py [32m.[0m[32m.[0m[32m.[0m[32m                                              [ 81%][0m
tests/xization/test_masking_tokenizer.py [32m.[0m[32m.[0m[32m.[0m[32m.[0m[32m.[0m[32m                                      [ 87%][0m
tests/xization/test_normalize.py [32m.[0m[32m.[0m[32m.[0m[32m.[0m[32m.[0m[32m.[0m[32m.[0m[32m.[0m[32m.[0m[32m.[0m[31m[1m
ERROR: Coverage failure: total of 69 is less than fail-under=85
[0m[32m                                                                                    [100%][0m

---------- coverage: platform linux, python 3.13.2-final-0 -----------
Name                                       Stmts   Miss  Cover   Missing
------------------------------------------------------------------------
dataknobs/__init__.py                          4      2    50%   6-7
dataknobs/flask_api.py                        41     41     0%   3-62
dataknobs/structures/__init__.py               0      0   100%
dataknobs/structures/conditional_dict.py      33      5    85%   48-49, 62-63, 66
dataknobs/structures/document.py              42      0   100%
dataknobs/structures/record_store.py          41      0   100%
dataknobs/structures/tree.py                 223      8    96%   43, 109, 224-232, 246, 255, 308
dataknobs/utils/__init__.py                    0      0   100%
dataknobs/utils/elasticsearch_utils.py       136      2    99%   97, 350
dataknobs/utils/emoji_utils.py               136     18    87%   88, 123, 133, 161, 200, 205, 215-226
dataknobs/utils/file_utils.py                 50      0   100%
dataknobs/utils/json_utils.py                555    252    55%   35-40, 42-43, 106-111, 149, 151-161, 177, 183-184, 186-188, 235-240, 254-268, 287-300, 312, 333, 342, 347, 363, 420-421, 429, 439-453, 475, 477, 493, 554, 590, 612-623, 701, 724, 726, 728, 731-734, 736, 740, 743, 761-765, 768-769, 772, 775-778, 781, 784-786, 791-793, 798, 821, 833-838, 843, 848, 857, 862-870, 874-878, 887-904, 910-911, 923-924, 932-953, 973-978, 983, 991-1020, 1029-1047, 1055-1058, 1065-1070, 1091-1097, 1100-1104, 1107-1112, 1115-1126, 1148-1151, 1168-1177
dataknobs/utils/llm_utils.py                 190      6    97%   28-29, 193, 296, 325, 352
dataknobs/utils/pandas_utils.py              182      2    99%   104, 117
dataknobs/utils/requests_utils.py            130      4    97%   127, 297, 320, 324
dataknobs/utils/resource_utils.py             42      3    93%   41, 56, 61
dataknobs/utils/sql_utils.py                 139    139     0%   1-424
dataknobs/utils/stats_utils.py               507     67    87%   51, 179, 250-258, 262, 266, 270, 274, 278, 282, 286-288, 292-294, 297, 300-307, 310, 313-322, 372, 413, 416-425, 448-449, 461, 558, 591, 603, 611, 619, 641, 704, 712, 715, 734, 749-750, 770
dataknobs/utils/subprocess_utils.py           19     19     0%   1-45
dataknobs/utils/sys_utils.py                  62     62     0%   1-120
dataknobs/utils/xml_utils.py                 198     51    74%   59, 62, 68-69, 76, 79-81, 150-153, 247, 250, 254, 289-297, 300, 303-304, 307-310, 313, 325-329, 343-377
dataknobs/xization/__init__.py                 0      0   100%
dataknobs/xization/annotations.py            537    297    45%   132, 175, 229-232, 235, 256-259, 267-268, 289-290, 333, 355, 372-373, 377, 380, 384, 388, 392, 399, 410-415, 448-460, 467, 481, 488, 496, 503, 511, 514, 521, 529, 538, 543, 548, 553-555, 560, 564, 570-572, 579-581, 584-593, 607-625, 631, 641-646, 658-663, 676-683, 698, 711-714, 717, 721-722, 731-745, 748, 751-755, 776-780, 783-789, 792-794, 798, 801-805, 815-820, 841-843, 846, 851, 858-863, 867, 870-874, 882-887, 895-900, 951-953, 971-978, 991-993, 1016-1021, 1048-1055, 1063-1076, 1093-1095, 1103-1111, 1139, 1159-1164, 1173, 1194-1199, 1217-1218, 1227, 1241, 1253, 1265, 1290-1314, 1330, 1357-1359, 1370-1398, 1410, 1415, 1435-1436, 1451-1454, 1468-1476
dataknobs/xization/authorities.py            200     40    80%   73-76, 88, 90, 92, 101, 118-119, 127-128, 246-247, 254, 263-264, 316, 325, 369, 397, 450, 510, 534, 563, 581, 593, 602, 630, 700, 786-794, 801, 809-812, 823-825
dataknobs/xization/lexicon.py                230    230     0%   1-658
dataknobs/xization/masking_tokenizer.py      311      6    98%   29, 70, 351, 419, 429, 770
dataknobs/xization/normalize.py              150     46    69%   173, 233, 251, 255, 259, 287, 312-316, 332-381, 431
------------------------------------------------------------------------
TOTAL                                       4158   1300    69%

[31m[1mFAIL Required test coverage of 85% not reached. Total coverage: 68.73%
[0m
[32m=================================== [32m[1m82 passed[0m[32m in 2.92s[0m[32m ====================================[0m
