============================= test session starts ==============================
platform darwin -- Python 3.9.15, pytest-7.2.1, pluggy-1.0.0
cachedir: .tox/tests/.pytest_cache
rootdir: /Users/skoehler/dev/kbs-labs/dataknobs
plugins: anyio-3.6.2, cov-3.0.0
collected 56 items

tests/structures/test_conditional_dict.py ....                           [  7%]
tests/structures/test_document.py .                                      [  8%]
tests/structures/test_tree.py ...........                                [ 28%]
tests/utils/test_elasticsearch_utils.py .......                          [ 41%]
tests/utils/test_json_utils.py ....                                      [ 48%]
tests/utils/test_pandas_utils.py .......                                 [ 60%]
tests/utils/test_requests_utils.py ...                                   [ 66%]
tests/utils/test_resource_utils.py .                                     [ 67%]
tests/xization/test_authorities.py ...                                   [ 73%]
tests/xization/test_masking_tokenizer.py .....                           [ 82%]
tests/xization/test_normalize.py ..........                              [100%]

=============================== warnings summary ===============================
.tox/tests/lib/python3.9/site-packages/pytest_cov/plugin.py:256
  /Users/skoehler/dev/kbs-labs/dataknobs/.tox/tests/lib/python3.9/site-packages/pytest_cov/plugin.py:256: PytestDeprecationWarning: The hookimpl CovPlugin.pytest_configure_node uses old-style configuration options (marks or attributes).
  Please use the pytest.hookimpl(optionalhook=True) decorator instead
   to configure the hooks.
   See https://docs.pytest.org/en/latest/deprecations.html#configuring-hook-specs-impls-using-markers
    def pytest_configure_node(self, node):

.tox/tests/lib/python3.9/site-packages/pytest_cov/plugin.py:265
  /Users/skoehler/dev/kbs-labs/dataknobs/.tox/tests/lib/python3.9/site-packages/pytest_cov/plugin.py:265: PytestDeprecationWarning: The hookimpl CovPlugin.pytest_testnodedown uses old-style configuration options (marks or attributes).
  Please use the pytest.hookimpl(optionalhook=True) decorator instead
   to configure the hooks.
   See https://docs.pytest.org/en/latest/deprecations.html#configuring-hook-specs-impls-using-markers
    def pytest_testnodedown(self, node, error):

-- Docs: https://docs.pytest.org/en/stable/how-to/capture-warnings.html

---------- coverage: platform darwin, python 3.9.15-final-0 ----------
Name                                       Stmts   Miss  Cover   Missing
------------------------------------------------------------------------
dataknobs/__init__.py                          0      0   100%
dataknobs/structures/__init__.py               0      0   100%
dataknobs/structures/conditional_dict.py      33      5    85%   48-49, 62-63, 66
dataknobs/structures/document.py              42      0   100%
dataknobs/structures/tree.py                 221      8    96%   43, 109, 224-232, 246, 255, 308
dataknobs/utils/__init__.py                    0      0   100%
dataknobs/utils/elasticsearch_utils.py        93      0   100%
dataknobs/utils/embedding_utils.py            86     86     0%   1-229
dataknobs/utils/emoji_utils.py               136     18    87%   88, 123, 133, 161, 200, 205, 215-226
dataknobs/utils/huggingface_utils.py          86     86     0%   1-229
dataknobs/utils/json_utils.py                306     37    88%   30-31, 33-34, 114, 116-126, 142, 148-149, 151-153, 171, 192, 201, 206, 222, 384-388, 457, 563, 565, 570-573, 575, 579
dataknobs/utils/pandas_utils.py              181      2    99%   104, 117
dataknobs/utils/requests_utils.py            125      3    98%   126, 296, 318
dataknobs/utils/resource_utils.py             42      3    93%   41, 56, 61
dataknobs/utils/sql_utils.py                 135    135     0%   1-389
dataknobs/utils/stanza_utils.py              194    194     0%   1-393
dataknobs/utils/wordnet_utils.py              64     64     0%   1-309
dataknobs/utils/xml_utils.py                  47     47     0%   1-100
dataknobs/xization/__init__.py                 0      0   100%
dataknobs/xization/annotations.py            281    123    56%   131, 174, 242-245, 253-254, 275-276, 319, 341, 358-359, 363, 366, 370, 374, 378, 385, 396-401, 434-446, 453, 467, 474, 482, 489, 497, 500, 507, 515, 524, 529, 534, 539-541, 546, 550, 556-558, 565-567, 570-579, 593-611, 617, 627-632, 644-649, 662-669, 690-692, 695, 700, 707-712, 716, 719-723, 731-736, 744-749
dataknobs/xization/authorities.py            206     40    81%   74-77, 89, 91, 93, 102, 119-120, 128-129, 247-248, 255, 264-265, 325, 334, 383, 411, 464, 524, 548, 577, 595, 607, 616, 644, 714, 802-810, 817, 825-828, 841-843
dataknobs/xization/masking_tokenizer.py      311      6    98%   29, 70, 351, 419, 429, 770
dataknobs/xization/normalize.py              151     47    69%   173, 233, 251, 255, 259, 265, 287, 312-316, 332-381, 431
------------------------------------------------------------------------
TOTAL                                       2740    904    67%

FAIL Required test coverage of 85% not reached. Total coverage: 67.01%
======================== 56 passed, 2 warnings in 2.47s ========================
