<?xml version="1.0" encoding="utf-8"?><testsuites name="pytest tests"><testsuite name="pytest" errors="0" failures="0" skipped="0" tests="30" time="26.274" timestamp="2025-08-15T12:27:14.465232-05:00" hostname="LJXQ2QJ0K0"><testcase classname="packages.data.tests.integration.test_elasticsearch_integration.TestElasticsearchIntegration" name="test_connection_and_index_creation" time="0.235" /><testcase classname="packages.data.tests.integration.test_elasticsearch_integration.TestElasticsearchIntegration" name="test_full_crud_cycle" time="1.862" /><testcase classname="packages.data.tests.integration.test_elasticsearch_integration.TestElasticsearchIntegration" name="test_batch_operations_with_sample_data" time="1.934" /><testcase classname="packages.data.tests.integration.test_elasticsearch_integration.TestElasticsearchIntegration" name="test_complex_queries" time="1.964" /><testcase classname="packages.data.tests.integration.test_elasticsearch_integration.TestElasticsearchIntegration" name="test_sorting_and_pagination" time="1.368" /><testcase classname="packages.data.tests.integration.test_elasticsearch_integration.TestElasticsearchIntegration" name="test_full_text_search_capabilities" time="1.286" /><testcase classname="packages.data.tests.integration.test_elasticsearch_integration.TestElasticsearchIntegration" name="test_metadata_persistence" time="1.359" /><testcase classname="packages.data.tests.integration.test_elasticsearch_integration.TestElasticsearchIntegration" name="test_concurrent_operations" time="1.489" /><testcase classname="packages.data.tests.integration.test_elasticsearch_integration.TestElasticsearchIntegration" name="test_special_characters_and_unicode" time="0.759" /><testcase classname="packages.data.tests.integration.test_elasticsearch_integration.TestElasticsearchIntegration" name="test_count_operations" time="1.819" /><testcase classname="packages.data.tests.integration.test_elasticsearch_integration.TestElasticsearchIntegration" name="test_array_field_operations" time="1.292" /><testcase classname="packages.data.tests.integration.test_elasticsearch_integration.TestElasticsearchAsyncIntegration" name="test_async_crud_operations" time="1.830" /><testcase classname="packages.data.tests.integration.test_elasticsearch_integration.TestElasticsearchAsyncIntegration" name="test_async_batch_operations" time="1.474" /><testcase classname="packages.data.tests.integration.test_elasticsearch_integration.TestElasticsearchAsyncIntegration" name="test_async_concurrent_operations" time="1.654" /><testcase classname="packages.data.tests.integration.test_elasticsearch_integration.TestElasticsearchAsyncIntegration" name="test_async_search_operations" time="1.377" /><testcase classname="packages.data.tests.integration.test_postgres_integration.TestPostgresIntegration" name="test_connection_and_table_creation" time="0.087" /><testcase classname="packages.data.tests.integration.test_postgres_integration.TestPostgresIntegration" name="test_full_crud_cycle" time="0.049" /><testcase classname="packages.data.tests.integration.test_postgres_integration.TestPostgresIntegration" name="test_batch_operations_with_sample_data" time="0.166" /><testcase classname="packages.data.tests.integration.test_postgres_integration.TestPostgresIntegration" name="test_complex_queries" time="0.126" /><testcase classname="packages.data.tests.integration.test_postgres_integration.TestPostgresIntegration" name="test_sorting_and_pagination" time="0.122" /><testcase classname="packages.data.tests.integration.test_postgres_integration.TestPostgresIntegration" name="test_metadata_persistence" time="0.052" /><testcase classname="packages.data.tests.integration.test_postgres_integration.TestPostgresIntegration" name="test_concurrent_operations" time="0.141" /><testcase classname="packages.data.tests.integration.test_postgres_integration.TestPostgresIntegration" name="test_transaction_isolation" time="0.047" /><testcase classname="packages.data.tests.integration.test_postgres_integration.TestPostgresIntegration" name="test_special_characters_and_unicode" time="0.037" /><testcase classname="packages.data.tests.integration.test_postgres_integration.TestPostgresIntegration" name="test_count_operations" time="0.085" /><testcase classname="packages.data.tests.integration.test_postgres_integration.TestPostgresAsyncIntegration" name="test_async_crud_operations" time="0.053" /><testcase classname="packages.data.tests.integration.test_postgres_integration.TestPostgresAsyncIntegration" name="test_async_batch_operations" time="0.107" /><testcase classname="packages.data.tests.integration.test_postgres_integration.TestPostgresAsyncIntegration" name="test_async_concurrent_operations" time="0.167" /><testcase classname="packages.data.tests.integration.test_postgres_integration.TestPostgresAsyncIntegration" name="test_async_search_operations" time="0.067" /><testcase classname="packages.data.tests.integration.test_s3_backend.TestS3BackendWithLocalStack" name="test_real_s3_operations" time="0.172" /></testsuite></testsuites>