<?xml version="1.0" encoding="utf-8"?><testsuites name="pytest tests"><testsuite name="pytest" errors="0" failures="0" skipped="0" tests="30" time="25.895" timestamp="2025-08-15T12:35:00.404472-05:00" hostname="LJXQ2QJ0K0"><testcase classname="packages.data.tests.integration.test_elasticsearch_integration.TestElasticsearchIntegration" name="test_connection_and_index_creation" time="0.310" /><testcase classname="packages.data.tests.integration.test_elasticsearch_integration.TestElasticsearchIntegration" name="test_full_crud_cycle" time="1.832" /><testcase classname="packages.data.tests.integration.test_elasticsearch_integration.TestElasticsearchIntegration" name="test_batch_operations_with_sample_data" time="1.891" /><testcase classname="packages.data.tests.integration.test_elasticsearch_integration.TestElasticsearchIntegration" name="test_complex_queries" time="1.907" /><testcase classname="packages.data.tests.integration.test_elasticsearch_integration.TestElasticsearchIntegration" name="test_sorting_and_pagination" time="1.335" /><testcase classname="packages.data.tests.integration.test_elasticsearch_integration.TestElasticsearchIntegration" name="test_full_text_search_capabilities" time="1.283" /><testcase classname="packages.data.tests.integration.test_elasticsearch_integration.TestElasticsearchIntegration" name="test_metadata_persistence" time="1.347" /><testcase classname="packages.data.tests.integration.test_elasticsearch_integration.TestElasticsearchIntegration" name="test_concurrent_operations" time="1.421" /><testcase classname="packages.data.tests.integration.test_elasticsearch_integration.TestElasticsearchIntegration" name="test_special_characters_and_unicode" time="0.752" /><testcase classname="packages.data.tests.integration.test_elasticsearch_integration.TestElasticsearchIntegration" name="test_count_operations" time="1.854" /><testcase classname="packages.data.tests.integration.test_elasticsearch_integration.TestElasticsearchIntegration" name="test_array_field_operations" time="1.251" /><testcase classname="packages.data.tests.integration.test_elasticsearch_integration.TestElasticsearchAsyncIntegration" name="test_async_crud_operations" time="1.846" /><testcase classname="packages.data.tests.integration.test_elasticsearch_integration.TestElasticsearchAsyncIntegration" name="test_async_batch_operations" time="1.477" /><testcase classname="packages.data.tests.integration.test_elasticsearch_integration.TestElasticsearchAsyncIntegration" name="test_async_concurrent_operations" time="1.644" /><testcase classname="packages.data.tests.integration.test_elasticsearch_integration.TestElasticsearchAsyncIntegration" name="test_async_search_operations" time="1.365" /><testcase classname="packages.data.tests.integration.test_postgres_integration.TestPostgresIntegration" name="test_connection_and_table_creation" time="0.091" /><testcase classname="packages.data.tests.integration.test_postgres_integration.TestPostgresIntegration" name="test_full_crud_cycle" time="0.052" /><testcase classname="packages.data.tests.integration.test_postgres_integration.TestPostgresIntegration" name="test_batch_operations_with_sample_data" time="0.162" /><testcase classname="packages.data.tests.integration.test_postgres_integration.TestPostgresIntegration" name="test_complex_queries" time="0.131" /><testcase classname="packages.data.tests.integration.test_postgres_integration.TestPostgresIntegration" name="test_sorting_and_pagination" time="0.119" /><testcase classname="packages.data.tests.integration.test_postgres_integration.TestPostgresIntegration" name="test_metadata_persistence" time="0.059" /><testcase classname="packages.data.tests.integration.test_postgres_integration.TestPostgresIntegration" name="test_concurrent_operations" time="0.153" /><testcase classname="packages.data.tests.integration.test_postgres_integration.TestPostgresIntegration" name="test_transaction_isolation" time="0.047" /><testcase classname="packages.data.tests.integration.test_postgres_integration.TestPostgresIntegration" name="test_special_characters_and_unicode" time="0.037" /><testcase classname="packages.data.tests.integration.test_postgres_integration.TestPostgresIntegration" name="test_count_operations" time="0.083" /><testcase classname="packages.data.tests.integration.test_postgres_integration.TestPostgresAsyncIntegration" name="test_async_crud_operations" time="0.050" /><testcase classname="packages.data.tests.integration.test_postgres_integration.TestPostgresAsyncIntegration" name="test_async_batch_operations" time="0.116" /><testcase classname="packages.data.tests.integration.test_postgres_integration.TestPostgresAsyncIntegration" name="test_async_concurrent_operations" time="0.187" /><testcase classname="packages.data.tests.integration.test_postgres_integration.TestPostgresAsyncIntegration" name="test_async_search_operations" time="0.073" /><testcase classname="packages.data.tests.integration.test_s3_backend.TestS3BackendWithLocalStack" name="test_real_s3_operations" time="0.174" /></testsuite></testsuites>