<?xml version="1.0" encoding="utf-8"?><testsuites name="pytest tests"><testsuite name="pytest" errors="0" failures="0" skipped="34" tests="713" time="16.314" timestamp="2025-08-17T15:42:59.869102+00:00" hostname="1129d5bcfa24"><testcase classname="packages.common.tests.test_version" name="test_version" time="0.001" /><testcase classname="packages.config.tests.test_builders.TestObjectConstruction" name="test_build_with_class" time="0.000" /><testcase classname="packages.config.tests.test_builders.TestObjectConstruction" name="test_build_with_configurable_base" time="0.000" /><testcase classname="packages.config.tests.test_builders.TestObjectConstruction" name="test_build_with_factory" time="0.000" /><testcase classname="packages.config.tests.test_builders.TestObjectConstruction" name="test_build_with_callable_factory" time="0.000" /><testcase classname="packages.config.tests.test_builders.TestObjectConstruction" name="test_build_without_class_or_factory" time="0.000" /><testcase classname="packages.config.tests.test_builders.TestObjectConstruction" name="test_invalid_class_path" time="0.001" /><testcase classname="packages.config.tests.test_builders.TestObjectConstruction" name="test_build_with_kwargs" time="0.000" /><testcase classname="packages.config.tests.test_builders.TestObjectCaching" name="test_cache_enabled" time="0.000" /><testcase classname="packages.config.tests.test_builders.TestObjectCaching" name="test_cache_disabled" time="0.001" /><testcase classname="packages.config.tests.test_builders.TestObjectCaching" name="test_clear_cache" time="0.000" /><testcase classname="packages.config.tests.test_builders.TestObjectCaching" name="test_clear_all_cache" time="0.001" /><testcase classname="packages.config.tests.test_config.TestConfigBasics" name="test_empty_config" time="0.000" /><testcase classname="packages.config.tests.test_config.TestConfigBasics" name="test_from_dict" time="0.000" /><testcase classname="packages.config.tests.test_config.TestConfigBasics" name="test_get_by_index" time="0.001" /><testcase classname="packages.config.tests.test_config.TestConfigBasics" name="test_get_by_name" time="0.000" /><testcase classname="packages.config.tests.test_config.TestConfigBasics" name="test_get_negative_index" time="0.000" /><testcase classname="packages.config.tests.test_config.TestConfigBasics" name="test_get_names" time="0.000" /><testcase classname="packages.config.tests.test_config.TestConfigBasics" name="test_set_config" time="0.000" /><testcase classname="packages.config.tests.test_config.TestConfigBasics" name="test_config_not_found" time="0.000" /><testcase classname="packages.config.tests.test_config.TestFileLoading" name="test_load_yaml" time="0.004" /><testcase classname="packages.config.tests.test_config.TestFileLoading" name="test_load_json" time="0.001" /><testcase classname="packages.config.tests.test_config.TestFileLoading" name="test_load_multiple_sources" time="0.003" /><testcase classname="packages.config.tests.test_config.TestFileLoading" name="test_file_reference" time="0.001" /><testcase classname="packages.config.tests.test_config.TestFileLoading" name="test_nonexistent_file" time="0.000" /><testcase classname="packages.config.tests.test_config.TestDefaults" name="test_global_defaults" time="0.000" /><testcase classname="packages.config.tests.test_config.TestDefaults" name="test_type_specific_defaults" time="0.000" /><testcase classname="packages.config.tests.test_config.TestDefaults" name="test_default_precedence" time="0.000" /><testcase classname="packages.config.tests.test_config.TestMerging" name="test_merge_configs" time="0.000" /><testcase classname="packages.config.tests.test_config.TestMerging" name="test_merge_precedence_first" time="0.000" /><testcase classname="packages.config.tests.test_config.TestMerging" name="test_merge_precedence_last" time="0.000" /><testcase classname="packages.config.tests.test_config.TestExport" name="test_to_dict" time="0.001" /><testcase classname="packages.config.tests.test_config.TestExport" name="test_to_yaml_file" time="0.004" /><testcase classname="packages.config.tests.test_config.TestExport" name="test_to_json_file" time="0.001" /><testcase classname="packages.config.tests.test_config.TestAtomicConfig" name="test_auto_name_single" time="0.000" /><testcase classname="packages.config.tests.test_config.TestAtomicConfig" name="test_auto_name_multiple" time="0.000" /><testcase classname="packages.config.tests.test_config.TestAtomicConfig" name="test_type_attribute" time="0.000" /><testcase classname="packages.config.tests.test_config.TestAtomicConfig" name="test_type_mismatch" time="0.000" /><testcase classname="packages.config.tests.test_environment.TestEnvironmentVariableNaming" name="test_reference_to_env_var" time="0.000" /><testcase classname="packages.config.tests.test_environment.TestEnvironmentVariableNaming" name="test_env_var_to_reference" time="0.000" /><testcase classname="packages.config.tests.test_environment.TestEnvironmentVariableNaming" name="test_nested_attribute_naming" time="0.000" /><testcase classname="packages.config.tests.test_environment.TestEnvironmentVariableNaming" name="test_custom_prefix" time="0.000" /><testcase classname="packages.config.tests.test_environment.TestEnvironmentOverrides" name="test_simple_override" time="0.000" /><testcase classname="packages.config.tests.test_environment.TestEnvironmentOverrides" name="test_multiple_overrides" time="0.000" /><testcase classname="packages.config.tests.test_environment.TestEnvironmentOverrides" name="test_type_conversion" time="0.001" /><testcase classname="packages.config.tests.test_environment.TestEnvironmentOverrides" name="test_boolean_conversion" time="0.000" /><testcase classname="packages.config.tests.test_environment.TestEnvironmentOverrides" name="test_disable_env_overrides" time="0.000" /><testcase classname="packages.config.tests.test_environment.TestEnvironmentOverrides" name="test_override_nonexistent_config" time="0.001" /><testcase classname="packages.config.tests.test_environment.TestEnvironmentOverrides" name="test_nested_attribute_override" time="0.001" /><testcase classname="packages.config.tests.test_environment.TestEnvironmentIntegration" name="test_env_override_with_file_loading" time="0.001" /><testcase classname="packages.config.tests.test_environment.TestEnvironmentIntegration" name="test_env_override_precedence" time="0.001" /><testcase classname="packages.config.tests.test_lazy_factory.TestLazyFactoryAccess" name="test_get_factory_instance" time="0.000" /><testcase classname="packages.config.tests.test_lazy_factory.TestLazyFactoryAccess" name="test_factory_instance_cached" time="0.000" /><testcase classname="packages.config.tests.test_lazy_factory.TestLazyFactoryAccess" name="test_get_factory_no_factory_defined" time="0.000" /><testcase classname="packages.config.tests.test_lazy_factory.TestLazyFactoryAccess" name="test_get_factory_by_index" time="0.000" /><testcase classname="packages.config.tests.test_lazy_factory.TestLazyFactoryAccess" name="test_get_instance_with_factory" time="0.000" /><testcase classname="packages.config.tests.test_lazy_factory.TestLazyFactoryAccess" name="test_get_instance_with_class" time="0.000" /><testcase classname="packages.config.tests.test_lazy_factory.TestLazyFactoryAccess" name="test_get_instance_without_class_or_factory" time="0.000" /><testcase classname="packages.config.tests.test_lazy_factory.TestLazyFactoryAccess" name="test_get_instance_with_kwargs" time="0.000" /><testcase classname="packages.config.tests.test_lazy_factory.TestLazyFactoryAccess" name="test_multiple_factory_types" time="0.000" /><testcase classname="packages.config.tests.test_lazy_factory.TestLazyFactoryAccess" name="test_factory_cache_clearing" time="0.000" /><testcase classname="packages.config.tests.test_path_resolution.TestPathResolution" name="test_resolve_relative_paths" time="0.001" /><testcase classname="packages.config.tests.test_path_resolution.TestPathResolution" name="test_type_specific_path_attributes" time="0.001" /><testcase classname="packages.config.tests.test_path_resolution.TestPathResolution" name="test_global_root" time="0.001" /><testcase classname="packages.config.tests.test_path_resolution.TestPathResolution" name="test_type_specific_root" time="0.001" /><testcase classname="packages.config.tests.test_path_resolution.TestPathResolution" name="test_root_precedence" time="0.001" /><testcase classname="packages.config.tests.test_path_resolution.TestPathResolution" name="test_absolute_paths_unchanged" time="0.001" /><testcase classname="packages.config.tests.test_path_resolution.TestPathResolution" name="test_non_string_values_unchanged" time="0.001" /><testcase classname="packages.config.tests.test_path_resolution.TestPathResolution" name="test_no_global_root_raises_for_relative_paths" time="0.000" /><testcase classname="packages.config.tests.test_path_resolution.TestPathResolution" name="test_no_global_root_ok_for_absolute_paths" time="0.000" /><testcase classname="packages.config.tests.test_path_resolution.TestPathResolution" name="test_path_resolution_with_file_loading" time="0.001" /><testcase classname="packages.config.tests.test_references.TestReferenceParser" name="test_parse_named_reference" time="0.000" /><testcase classname="packages.config.tests.test_references.TestReferenceParser" name="test_parse_index_reference" time="0.000" /><testcase classname="packages.config.tests.test_references.TestReferenceParser" name="test_parse_negative_index" time="0.000" /><testcase classname="packages.config.tests.test_references.TestReferenceParser" name="test_parse_no_selector" time="0.000" /><testcase classname="packages.config.tests.test_references.TestReferenceParser" name="test_invalid_reference_format" time="0.000" /><testcase classname="packages.config.tests.test_references.TestReferenceResolution" name="test_resolve_by_name" time="0.000" /><testcase classname="packages.config.tests.test_references.TestReferenceResolution" name="test_resolve_by_index" time="0.000" /><testcase classname="packages.config.tests.test_references.TestReferenceResolution" name="test_resolve_negative_index" time="0.000" /><testcase classname="packages.config.tests.test_references.TestReferenceResolution" name="test_resolve_no_selector" time="0.000" /><testcase classname="packages.config.tests.test_references.TestReferenceResolution" name="test_resolve_nonexistent" time="0.000" /><testcase classname="packages.config.tests.test_references.TestReferenceBuilder" name="test_build_named_reference" time="0.000" /><testcase classname="packages.config.tests.test_references.TestReferenceBuilder" name="test_build_index_reference" time="0.000" /><testcase classname="packages.config.tests.test_references.TestNestedReferences" name="test_nested_reference_in_config" time="0.000" /><testcase classname="packages.config.tests.test_references.TestNestedReferences" name="test_reference_in_list" time="0.000" /><testcase classname="packages.config.tests.test_references.TestNestedReferences" name="test_circular_reference_detection" time="0.000" /><testcase classname="packages.config.tests.test_references.TestReferenceIntegration" name="test_cross_type_references" time="0.000" /><testcase classname="packages.config.tests.test_regex_path_resolution.TestRegexPathResolution" name="test_regex_pattern_matches_multiple_attributes" time="0.001" /><testcase classname="packages.config.tests.test_regex_path_resolution.TestRegexPathResolution" name="test_regex_pattern_with_type_specific" time="0.001" /><testcase classname="packages.config.tests.test_regex_path_resolution.TestRegexPathResolution" name="test_mixed_exact_and_regex_patterns" time="0.001" /><testcase classname="packages.config.tests.test_regex_path_resolution.TestRegexPathResolution" name="test_regex_pattern_with_groups" time="0.001" /><testcase classname="packages.config.tests.test_regex_path_resolution.TestRegexPathResolution" name="test_invalid_regex_pattern_ignored" time="0.001" /><testcase classname="packages.config.tests.test_regex_path_resolution.TestRegexPathResolution" name="test_regex_case_sensitive" time="0.001" /><testcase classname="packages.config.tests.test_regex_path_resolution.TestRegexPathResolution" name="test_regex_with_special_characters" time="0.001" /><testcase classname="packages.config.tests.test_substitution.TestVariableSubstitution" name="test_simple_substitution" time="0.000" /><testcase classname="packages.config.tests.test_substitution.TestVariableSubstitution" name="test_substitution_with_default" time="0.000" /><testcase classname="packages.config.tests.test_substitution.TestVariableSubstitution" name="test_substitution_with_dash_default" time="0.000" /><testcase classname="packages.config.tests.test_substitution.TestVariableSubstitution" name="test_missing_variable_error" time="0.001" /><testcase classname="packages.config.tests.test_substitution.TestVariableSubstitution" name="test_mixed_content" time="0.000" /><testcase classname="packages.config.tests.test_substitution.TestVariableSubstitution" name="test_type_conversion" time="0.000" /><testcase classname="packages.config.tests.test_substitution.TestVariableSubstitution" name="test_dict_substitution" time="0.000" /><testcase classname="packages.config.tests.test_substitution.TestVariableSubstitution" name="test_list_substitution" time="0.000" /><testcase classname="packages.config.tests.test_substitution.TestVariableSubstitution" name="test_nested_substitution" time="0.000" /><testcase classname="packages.config.tests.test_substitution.TestVariableSubstitution" name="test_empty_default" time="0.000" /><testcase classname="packages.config.tests.test_substitution.TestVariableSubstitution" name="test_has_variables" time="0.000" /><testcase classname="packages.data.tests.integration.test_s3_backend.TestS3Backend" name="test_create_and_read" time="0.393" /><testcase classname="packages.data.tests.integration.test_s3_backend.TestS3Backend" name="test_update" time="0.437" /><testcase classname="packages.data.tests.integration.test_s3_backend.TestS3Backend" name="test_delete" time="0.462" /><testcase classname="packages.data.tests.integration.test_s3_backend.TestS3Backend" name="test_exists" time="0.390" /><testcase classname="packages.data.tests.integration.test_s3_backend.TestS3Backend" name="test_list_all" time="0.372" /><testcase classname="packages.data.tests.integration.test_s3_backend.TestS3Backend" name="test_search_with_filters" time="0.372" /><testcase classname="packages.data.tests.integration.test_s3_backend.TestS3Backend" name="test_search_with_sorting" time="0.360" /><testcase classname="packages.data.tests.integration.test_s3_backend.TestS3Backend" name="test_search_with_pagination" time="0.474" /><testcase classname="packages.data.tests.integration.test_s3_backend.TestS3Backend" name="test_search_with_projection" time="0.438" /><testcase classname="packages.data.tests.integration.test_s3_backend.TestS3Backend" name="test_batch_create" time="0.440" /><testcase classname="packages.data.tests.integration.test_s3_backend.TestS3Backend" name="test_batch_read" time="0.410" /><testcase classname="packages.data.tests.integration.test_s3_backend.TestS3Backend" name="test_batch_delete" time="0.505" /><testcase classname="packages.data.tests.integration.test_s3_backend.TestS3Backend" name="test_clear" time="0.420" /><testcase classname="packages.data.tests.integration.test_s3_backend.TestS3Backend" name="test_count" time="0.487" /><testcase classname="packages.data.tests.integration.test_s3_backend.TestS3Backend" name="test_metadata_as_tags" time="0.395" /><testcase classname="packages.data.tests.integration.test_s3_backend.TestS3Backend" name="test_large_record" time="0.447" /><testcase classname="packages.data.tests.integration.test_s3_backend.TestS3Backend" name="test_concurrent_operations" time="0.565" /><testcase classname="packages.data.tests.integration.test_s3_backend.TestS3Configuration" name="test_from_config_method" time="0.003" /><testcase classname="packages.data.tests.integration.test_s3_backend.TestS3Configuration" name="test_missing_required_config" time="0.000" /><testcase classname="packages.data.tests.integration.test_s3_backend.TestS3Configuration" name="test_default_values" time="0.002" /><testcase classname="packages.data.tests.integration.test_s3_backend.TestS3Configuration" name="test_custom_endpoint" time="0.000" /><testcase classname="packages.data.tests.test_async_elasticsearch_native" name="test_connect_creates_client" time="0.009" /><testcase classname="packages.data.tests.test_async_elasticsearch_native" name="test_connect_creates_index_if_missing" time="0.006" /><testcase classname="packages.data.tests.test_async_elasticsearch_native" name="test_close_releases_client" time="0.005" /><testcase classname="packages.data.tests.test_async_elasticsearch_native" name="test_create_record" time="0.049" /><testcase classname="packages.data.tests.test_async_elasticsearch_native" name="test_read_record" time="0.006" /><testcase classname="packages.data.tests.test_async_elasticsearch_native" name="test_read_record_not_found" time="0.005" /><testcase classname="packages.data.tests.test_async_elasticsearch_native" name="test_update_record" time="0.006" /><testcase classname="packages.data.tests.test_async_elasticsearch_native" name="test_delete_record" time="0.006" /><testcase classname="packages.data.tests.test_async_elasticsearch_native" name="test_exists_record" time="0.006" /><testcase classname="packages.data.tests.test_async_elasticsearch_native" name="test_search_with_filters" time="0.005" /><testcase classname="packages.data.tests.test_async_elasticsearch_native" name="test_count_all" time="0.005" /><testcase classname="packages.data.tests.test_async_elasticsearch_native" name="test_clear_all" time="0.006" /><testcase classname="packages.data.tests.test_async_elasticsearch_native" name="test_stream_read" time="0.006" /><testcase classname="packages.data.tests.test_async_elasticsearch_native" name="test_stream_write" time="0.006" /><testcase classname="packages.data.tests.test_async_elasticsearch_native" name="test_connection_pooling" time="0.002" /><testcase classname="packages.data.tests.test_async_elasticsearch_native" name="test_error_without_connection" time="0.001" /><testcase classname="packages.data.tests.test_async_s3_native" name="test_connect_creates_session" time="0.003" /><testcase classname="packages.data.tests.test_async_s3_native" name="test_close_releases_session" time="0.001" /><testcase classname="packages.data.tests.test_async_s3_native" name="test_create_record" time="0.005" /><testcase classname="packages.data.tests.test_async_s3_native" name="test_read_record" time="0.005" /><testcase classname="packages.data.tests.test_async_s3_native" name="test_read_record_not_found" time="0.004" /><testcase classname="packages.data.tests.test_async_s3_native" name="test_update_record" time="0.006" /><testcase classname="packages.data.tests.test_async_s3_native" name="test_delete_record" time="0.005" /><testcase classname="packages.data.tests.test_async_s3_native" name="test_exists_record" time="0.004" /><testcase classname="packages.data.tests.test_async_s3_native" name="test_search_with_filters" time="0.006" /><testcase classname="packages.data.tests.test_async_s3_native" name="test_search_with_sorting" time="0.006" /><testcase classname="packages.data.tests.test_async_s3_native" name="test_count_all" time="0.005" /><testcase classname="packages.data.tests.test_async_s3_native" name="test_clear_all" time="0.004" /><testcase classname="packages.data.tests.test_async_s3_native" name="test_stream_read" time="0.005" /><testcase classname="packages.data.tests.test_async_s3_native" name="test_stream_write" time="0.005" /><testcase classname="packages.data.tests.test_async_s3_native" name="test_stream_write_batch" time="0.008" /><testcase classname="packages.data.tests.test_async_s3_native" name="test_connection_pooling" time="0.002" /><testcase classname="packages.data.tests.test_async_s3_native" name="test_error_without_connection" time="0.001" /><testcase classname="packages.data.tests.test_backend_streaming_consistency.TestBackendConsistency" name="test_all_backends_have_both_versions" time="0.000" /><testcase classname="packages.data.tests.test_backend_streaming_consistency.TestBackendConsistency" name="test_async_backends_have_streaming_methods" time="0.000" /><testcase classname="packages.data.tests.test_backend_streaming_consistency.TestBackendConsistency" name="test_sync_backends_have_streaming_methods" time="0.000" /><testcase classname="packages.data.tests.test_backend_streaming_consistency.TestBackendConsistency" name="test_backend_naming_convention" time="0.000" /><testcase classname="packages.data.tests.test_backend_streaming_consistency.TestBackendConsistency" name="test_backend_inheritance" time="0.000" /><testcase classname="packages.data.tests.test_backend_streaming_consistency.TestBackendConsistency" name="test_streaming_method_signatures" time="0.000" /><testcase classname="packages.data.tests.test_backends.test_elasticsearch.TestSyncElasticsearchDatabase" name="test_create_database" time="0.000"><skipped type="pytest.skip" message="Elasticsearch tests require TEST_ELASTICSEARCH=true and a running Elasticsearch instance">/workdir/packages/data/tests/test_backends/test_elasticsearch.py:67: Elasticsearch tests require TEST_ELASTICSEARCH=true and a running Elasticsearch instance</skipped></testcase><testcase classname="packages.data.tests.test_backends.test_elasticsearch.TestSyncElasticsearchDatabase" name="test_crud_operations" time="0.000"><skipped type="pytest.skip" message="Elasticsearch tests require TEST_ELASTICSEARCH=true and a running Elasticsearch instance">/workdir/packages/data/tests/test_backends/test_elasticsearch.py:76: Elasticsearch tests require TEST_ELASTICSEARCH=true and a running Elasticsearch instance</skipped></testcase><testcase classname="packages.data.tests.test_backends.test_elasticsearch.TestSyncElasticsearchDatabase" name="test_exists" time="0.000"><skipped type="pytest.skip" message="Elasticsearch tests require TEST_ELASTICSEARCH=true and a running Elasticsearch instance">/workdir/packages/data/tests/test_backends/test_elasticsearch.py:113: Elasticsearch tests require TEST_ELASTICSEARCH=true and a running Elasticsearch instance</skipped></testcase><testcase classname="packages.data.tests.test_backends.test_elasticsearch.TestSyncElasticsearchDatabase" name="test_upsert" time="0.000"><skipped type="pytest.skip" message="Elasticsearch tests require TEST_ELASTICSEARCH=true and a running Elasticsearch instance">/workdir/packages/data/tests/test_backends/test_elasticsearch.py:124: Elasticsearch tests require TEST_ELASTICSEARCH=true and a running Elasticsearch instance</skipped></testcase><testcase classname="packages.data.tests.test_backends.test_elasticsearch.TestSyncElasticsearchDatabase" name="test_search_with_filters" time="0.000"><skipped type="pytest.skip" message="Elasticsearch tests require TEST_ELASTICSEARCH=true and a running Elasticsearch instance">/workdir/packages/data/tests/test_backends/test_elasticsearch.py:141: Elasticsearch tests require TEST_ELASTICSEARCH=true and a running Elasticsearch instance</skipped></testcase><testcase classname="packages.data.tests.test_backends.test_elasticsearch.TestSyncElasticsearchDatabase" name="test_search_with_sorting" time="0.000"><skipped type="pytest.skip" message="Elasticsearch tests require TEST_ELASTICSEARCH=true and a running Elasticsearch instance">/workdir/packages/data/tests/test_backends/test_elasticsearch.py:184: Elasticsearch tests require TEST_ELASTICSEARCH=true and a running Elasticsearch instance</skipped></testcase><testcase classname="packages.data.tests.test_backends.test_elasticsearch.TestSyncElasticsearchDatabase" name="test_search_with_pagination" time="0.000"><skipped type="pytest.skip" message="Elasticsearch tests require TEST_ELASTICSEARCH=true and a running Elasticsearch instance">/workdir/packages/data/tests/test_backends/test_elasticsearch.py:212: Elasticsearch tests require TEST_ELASTICSEARCH=true and a running Elasticsearch instance</skipped></testcase><testcase classname="packages.data.tests.test_backends.test_elasticsearch.TestSyncElasticsearchDatabase" name="test_batch_operations" time="0.000"><skipped type="pytest.skip" message="Elasticsearch tests require TEST_ELASTICSEARCH=true and a running Elasticsearch instance">/workdir/packages/data/tests/test_backends/test_elasticsearch.py:238: Elasticsearch tests require TEST_ELASTICSEARCH=true and a running Elasticsearch instance</skipped></testcase><testcase classname="packages.data.tests.test_backends.test_elasticsearch.TestSyncElasticsearchDatabase" name="test_count_and_clear" time="0.000"><skipped type="pytest.skip" message="Elasticsearch tests require TEST_ELASTICSEARCH=true and a running Elasticsearch instance">/workdir/packages/data/tests/test_backends/test_elasticsearch.py:265: Elasticsearch tests require TEST_ELASTICSEARCH=true and a running Elasticsearch instance</skipped></testcase><testcase classname="packages.data.tests.test_backends.test_elasticsearch.TestSyncElasticsearchDatabase" name="test_metadata_handling" time="0.000"><skipped type="pytest.skip" message="Elasticsearch tests require TEST_ELASTICSEARCH=true and a running Elasticsearch instance">/workdir/packages/data/tests/test_backends/test_elasticsearch.py:294: Elasticsearch tests require TEST_ELASTICSEARCH=true and a running Elasticsearch instance</skipped></testcase><testcase classname="packages.data.tests.test_backends.test_elasticsearch.TestSyncElasticsearchDatabase" name="test_special_characters" time="0.000"><skipped type="pytest.skip" message="Elasticsearch tests require TEST_ELASTICSEARCH=true and a running Elasticsearch instance">/workdir/packages/data/tests/test_backends/test_elasticsearch.py:306: Elasticsearch tests require TEST_ELASTICSEARCH=true and a running Elasticsearch instance</skipped></testcase><testcase classname="packages.data.tests.test_backends.test_elasticsearch.TestSyncElasticsearchDatabase" name="test_exists_filter" time="0.000"><skipped type="pytest.skip" message="Elasticsearch tests require TEST_ELASTICSEARCH=true and a running Elasticsearch instance">/workdir/packages/data/tests/test_backends/test_elasticsearch.py:320: Elasticsearch tests require TEST_ELASTICSEARCH=true and a running Elasticsearch instance</skipped></testcase><testcase classname="packages.data.tests.test_backends.test_elasticsearch.TestSyncElasticsearchDatabase" name="test_regex_filter" time="0.000"><skipped type="pytest.skip" message="Elasticsearch tests require TEST_ELASTICSEARCH=true and a running Elasticsearch instance">/workdir/packages/data/tests/test_backends/test_elasticsearch.py:343: Elasticsearch tests require TEST_ELASTICSEARCH=true and a running Elasticsearch instance</skipped></testcase><testcase classname="packages.data.tests.test_backends.test_elasticsearch.TestAsyncElasticsearchDatabase" name="test_async_crud_operations" time="0.000"><skipped type="pytest.skip" message="Elasticsearch tests require TEST_ELASTICSEARCH=true and a running Elasticsearch instance">/workdir/packages/data/tests/test_backends/test_elasticsearch.py:365: Elasticsearch tests require TEST_ELASTICSEARCH=true and a running Elasticsearch instance</skipped></testcase><testcase classname="packages.data.tests.test_backends.test_elasticsearch.TestAsyncElasticsearchDatabase" name="test_async_search" time="0.000"><skipped type="pytest.skip" message="Elasticsearch tests require TEST_ELASTICSEARCH=true and a running Elasticsearch instance">/workdir/packages/data/tests/test_backends/test_elasticsearch.py:392: Elasticsearch tests require TEST_ELASTICSEARCH=true and a running Elasticsearch instance</skipped></testcase><testcase classname="packages.data.tests.test_backends.test_elasticsearch.TestAsyncElasticsearchDatabase" name="test_async_context_manager" time="0.000"><skipped type="pytest.skip" message="Elasticsearch tests require TEST_ELASTICSEARCH=true and a running Elasticsearch instance">/workdir/packages/data/tests/test_backends/test_elasticsearch.py:408: Elasticsearch tests require TEST_ELASTICSEARCH=true and a running Elasticsearch instance</skipped></testcase><testcase classname="packages.data.tests.test_backends.test_file.TestFileDatabase" name="test_create_and_read" time="0.002" /><testcase classname="packages.data.tests.test_backends.test_file.TestFileDatabase" name="test_update" time="0.001" /><testcase classname="packages.data.tests.test_backends.test_file.TestFileDatabase" name="test_delete" time="0.001" /><testcase classname="packages.data.tests.test_backends.test_file.TestFileDatabase" name="test_exists" time="0.001" /><testcase classname="packages.data.tests.test_backends.test_file.TestFileDatabase" name="test_upsert" time="0.001" /><testcase classname="packages.data.tests.test_backends.test_file.TestFileDatabase" name="test_search_with_filters" time="0.002" /><testcase classname="packages.data.tests.test_backends.test_file.TestFileDatabase" name="test_search_with_sorting" time="0.002" /><testcase classname="packages.data.tests.test_backends.test_file.TestFileDatabase" name="test_search_with_pagination" time="0.004" /><testcase classname="packages.data.tests.test_backends.test_file.TestFileDatabase" name="test_batch_operations" time="0.002" /><testcase classname="packages.data.tests.test_backends.test_file.TestFileDatabase" name="test_csv_format" time="0.001" /><testcase classname="packages.data.tests.test_backends.test_file.TestFileDatabase" name="test_gzip_compression" time="0.001" /><testcase classname="packages.data.tests.test_backends.test_file.TestFileDatabase" name="test_persistence" time="0.001" /><testcase classname="packages.data.tests.test_backends.test_file.TestFileDatabase" name="test_concurrent_access" time="0.004" /><testcase classname="packages.data.tests.test_backends.test_file.TestSyncFileDatabase" name="test_create_and_read" time="0.001" /><testcase classname="packages.data.tests.test_backends.test_file.TestSyncFileDatabase" name="test_update" time="0.001" /><testcase classname="packages.data.tests.test_backends.test_file.TestSyncFileDatabase" name="test_delete" time="0.001" /><testcase classname="packages.data.tests.test_backends.test_file.TestSyncFileDatabase" name="test_search_with_filters" time="0.001" /><testcase classname="packages.data.tests.test_backends.test_file.TestSyncFileDatabase" name="test_batch_operations" time="0.001" /><testcase classname="packages.data.tests.test_backends.test_file.TestSyncFileDatabase" name="test_persistence" time="0.001" /><testcase classname="packages.data.tests.test_backends.test_file.TestSyncFileDatabase" name="test_format_detection" time="0.000" /><testcase classname="packages.data.tests.test_backends.test_file_edge_cases.TestFileLock" name="test_lock_acquire_release" time="0.000" /><testcase classname="packages.data.tests.test_backends.test_file_edge_cases.TestFileLock" name="test_lock_context_manager" time="0.000" /><testcase classname="packages.data.tests.test_backends.test_file_edge_cases.TestFileLock" name="test_windows_lock_retry" time="0.000"><skipped type="pytest.skip" message="Windows-specific test">/Users/spencer.koehler/dev/kbs-labs/dataknobs/packages/data/tests/test_backends/test_file_edge_cases.py:67: Windows-specific test</skipped></testcase><testcase classname="packages.data.tests.test_backends.test_file_edge_cases.TestFileLock" name="test_lock_release_error_handling" time="0.001" /><testcase classname="packages.data.tests.test_backends.test_file_edge_cases.TestFileFormats" name="test_base_format_not_implemented" time="0.000" /><testcase classname="packages.data.tests.test_backends.test_file_edge_cases.TestFileFormats" name="test_json_format_empty_file" time="0.000" /><testcase classname="packages.data.tests.test_backends.test_file_edge_cases.TestFileFormats" name="test_json_format_nonexistent_file" time="0.000" /><testcase classname="packages.data.tests.test_backends.test_file_edge_cases.TestFileFormats" name="test_json_format_corrupted_file" time="0.000" /><testcase classname="packages.data.tests.test_backends.test_file_edge_cases.TestFileFormats" name="test_json_format_save_with_indent" time="0.000" /><testcase classname="packages.data.tests.test_backends.test_file_edge_cases.TestFileFormats" name="test_csv_format_empty_file" time="0.000" /><testcase classname="packages.data.tests.test_backends.test_file_edge_cases.TestFileFormats" name="test_csv_format_with_complex_data" time="0.000" /><testcase classname="packages.data.tests.test_backends.test_file_edge_cases.TestFileFormats" name="test_parquet_format_basic" time="0.000"><skipped type="pytest.skip" message="could not import 'pyarrow': No module named 'pyarrow'">/Users/spencer.koehler/dev/kbs-labs/dataknobs/packages/data/tests/test_backends/test_file_edge_cases.py:219: could not import 'pyarrow': No module named 'pyarrow'</skipped></testcase><testcase classname="packages.data.tests.test_backends.test_file_edge_cases.TestFileFormats" name="test_parquet_format_empty_file" time="0.000" /><testcase classname="packages.data.tests.test_backends.test_file_edge_cases.TestFileDatabaseEdgeCases" name="test_unsupported_format" time="0.001" /><testcase classname="packages.data.tests.test_backends.test_file_edge_cases.TestFileDatabaseEdgeCases" name="test_gzip_json_format" time="0.001" /><testcase classname="packages.data.tests.test_backends.test_file_edge_cases.TestFileDatabaseEdgeCases" name="test_bz2_json_format" time="0.001" /><testcase classname="packages.data.tests.test_backends.test_file_edge_cases.TestFileDatabaseEdgeCases" name="test_xz_json_format" time="0.001" /><testcase classname="packages.data.tests.test_backends.test_file_edge_cases.TestFileDatabaseEdgeCases" name="test_from_config_with_compression" time="0.001" /><testcase classname="packages.data.tests.test_backends.test_file_edge_cases.TestFileDatabaseEdgeCases" name="test_record_without_id_field" time="0.001" /><testcase classname="packages.data.tests.test_backends.test_file_edge_cases.TestFileDatabaseEdgeCases" name="test_concurrent_writes" time="0.005" /><testcase classname="packages.data.tests.test_backends.test_file_edge_cases.TestSyncFileDatabaseEdgeCases" name="test_thread_safety" time="0.012" /><testcase classname="packages.data.tests.test_backends.test_file_edge_cases.TestSyncFileDatabaseEdgeCases" name="test_invalid_path_permissions" time="0.000" /><testcase classname="packages.data.tests.test_backends.test_file_edge_cases.TestSyncFileDatabaseEdgeCases" name="test_format_detection_from_extension" time="0.002" /><testcase classname="packages.data.tests.test_backends.test_postgres.TestSyncPostgresDatabase" name="test_create_database" time="0.000"><skipped type="pytest.skip" message="PostgreSQL tests require TEST_POSTGRES=true and a running PostgreSQL instance">/workdir/packages/data/tests/test_backends/test_postgres.py:61: PostgreSQL tests require TEST_POSTGRES=true and a running PostgreSQL instance</skipped></testcase><testcase classname="packages.data.tests.test_backends.test_postgres.TestSyncPostgresDatabase" name="test_crud_operations" time="0.000"><skipped type="pytest.skip" message="PostgreSQL tests require TEST_POSTGRES=true and a running PostgreSQL instance">/workdir/packages/data/tests/test_backends/test_postgres.py:70: PostgreSQL tests require TEST_POSTGRES=true and a running PostgreSQL instance</skipped></testcase><testcase classname="packages.data.tests.test_backends.test_postgres.TestSyncPostgresDatabase" name="test_exists" time="0.000"><skipped type="pytest.skip" message="PostgreSQL tests require TEST_POSTGRES=true and a running PostgreSQL instance">/workdir/packages/data/tests/test_backends/test_postgres.py:107: PostgreSQL tests require TEST_POSTGRES=true and a running PostgreSQL instance</skipped></testcase><testcase classname="packages.data.tests.test_backends.test_postgres.TestSyncPostgresDatabase" name="test_upsert" time="0.000"><skipped type="pytest.skip" message="PostgreSQL tests require TEST_POSTGRES=true and a running PostgreSQL instance">/workdir/packages/data/tests/test_backends/test_postgres.py:118: PostgreSQL tests require TEST_POSTGRES=true and a running PostgreSQL instance</skipped></testcase><testcase classname="packages.data.tests.test_backends.test_postgres.TestSyncPostgresDatabase" name="test_search_with_filters" time="0.000"><skipped type="pytest.skip" message="PostgreSQL tests require TEST_POSTGRES=true and a running PostgreSQL instance">/workdir/packages/data/tests/test_backends/test_postgres.py:135: PostgreSQL tests require TEST_POSTGRES=true and a running PostgreSQL instance</skipped></testcase><testcase classname="packages.data.tests.test_backends.test_postgres.TestSyncPostgresDatabase" name="test_search_with_sorting" time="0.000"><skipped type="pytest.skip" message="PostgreSQL tests require TEST_POSTGRES=true and a running PostgreSQL instance">/workdir/packages/data/tests/test_backends/test_postgres.py:175: PostgreSQL tests require TEST_POSTGRES=true and a running PostgreSQL instance</skipped></testcase><testcase classname="packages.data.tests.test_backends.test_postgres.TestSyncPostgresDatabase" name="test_search_with_pagination" time="0.000"><skipped type="pytest.skip" message="PostgreSQL tests require TEST_POSTGRES=true and a running PostgreSQL instance">/workdir/packages/data/tests/test_backends/test_postgres.py:200: PostgreSQL tests require TEST_POSTGRES=true and a running PostgreSQL instance</skipped></testcase><testcase classname="packages.data.tests.test_backends.test_postgres.TestSyncPostgresDatabase" name="test_batch_operations" time="0.000"><skipped type="pytest.skip" message="PostgreSQL tests require TEST_POSTGRES=true and a running PostgreSQL instance">/workdir/packages/data/tests/test_backends/test_postgres.py:223: PostgreSQL tests require TEST_POSTGRES=true and a running PostgreSQL instance</skipped></testcase><testcase classname="packages.data.tests.test_backends.test_postgres.TestSyncPostgresDatabase" name="test_count_and_clear" time="0.000"><skipped type="pytest.skip" message="PostgreSQL tests require TEST_POSTGRES=true and a running PostgreSQL instance">/workdir/packages/data/tests/test_backends/test_postgres.py:247: PostgreSQL tests require TEST_POSTGRES=true and a running PostgreSQL instance</skipped></testcase><testcase classname="packages.data.tests.test_backends.test_postgres.TestSyncPostgresDatabase" name="test_metadata_handling" time="0.000"><skipped type="pytest.skip" message="PostgreSQL tests require TEST_POSTGRES=true and a running PostgreSQL instance">/workdir/packages/data/tests/test_backends/test_postgres.py:270: PostgreSQL tests require TEST_POSTGRES=true and a running PostgreSQL instance</skipped></testcase><testcase classname="packages.data.tests.test_backends.test_postgres.TestSyncPostgresDatabase" name="test_special_characters" time="0.000"><skipped type="pytest.skip" message="PostgreSQL tests require TEST_POSTGRES=true and a running PostgreSQL instance">/workdir/packages/data/tests/test_backends/test_postgres.py:282: PostgreSQL tests require TEST_POSTGRES=true and a running PostgreSQL instance</skipped></testcase><testcase classname="packages.data.tests.test_backends.test_postgres.TestAsyncPostgresDatabase" name="test_async_crud_operations" time="0.000"><skipped type="pytest.skip" message="PostgreSQL tests require TEST_POSTGRES=true and a running PostgreSQL instance">/workdir/packages/data/tests/test_backends/test_postgres.py:301: PostgreSQL tests require TEST_POSTGRES=true and a running PostgreSQL instance</skipped></testcase><testcase classname="packages.data.tests.test_backends.test_postgres.TestAsyncPostgresDatabase" name="test_async_search" time="0.000"><skipped type="pytest.skip" message="PostgreSQL tests require TEST_POSTGRES=true and a running PostgreSQL instance">/workdir/packages/data/tests/test_backends/test_postgres.py:328: PostgreSQL tests require TEST_POSTGRES=true and a running PostgreSQL instance</skipped></testcase><testcase classname="packages.data.tests.test_backends.test_postgres.TestAsyncPostgresDatabase" name="test_async_context_manager" time="0.000"><skipped type="pytest.skip" message="PostgreSQL tests require TEST_POSTGRES=true and a running PostgreSQL instance">/workdir/packages/data/tests/test_backends/test_postgres.py:341: PostgreSQL tests require TEST_POSTGRES=true and a running PostgreSQL instance</skipped></testcase><testcase classname="packages.data.tests.test_config_integration.TestConfigIntegration" name="test_memory_backend_from_config" time="0.000" /><testcase classname="packages.data.tests.test_config_integration.TestConfigIntegration" name="test_file_backend_from_config" time="0.001" /><testcase classname="packages.data.tests.test_config_integration.TestConfigIntegration" name="test_config_build_memory" time="0.000" /><testcase classname="packages.data.tests.test_config_integration.TestConfigIntegration" name="test_config_build_file_with_params" time="0.001" /><testcase classname="packages.data.tests.test_config_integration.TestConfigIntegration" name="test_multiple_backend_configs" time="0.001" /><testcase classname="packages.data.tests.test_config_integration.TestConfigIntegration" name="test_all_backends_configurable[dataknobs_data.backends.memory.SyncMemoryDatabase-config_params0]" time="0.000" /><testcase classname="packages.data.tests.test_config_integration.TestConfigIntegration" name="test_all_backends_configurable[dataknobs_data.backends.memory.AsyncMemoryDatabase-config_params1]" time="0.000" /><testcase classname="packages.data.tests.test_config_integration.TestConfigIntegration" name="test_all_backends_configurable[dataknobs_data.backends.file.SyncFileDatabase-config_params2]" time="0.000" /><testcase classname="packages.data.tests.test_config_integration.TestConfigIntegration" name="test_all_backends_configurable[dataknobs_data.backends.file.AsyncFileDatabase-config_params3]" time="0.000" /><testcase classname="packages.data.tests.test_connection_management.TestConnectionManagement" name="test_sync_memory_connect_close" time="0.000" /><testcase classname="packages.data.tests.test_connection_management.TestConnectionManagement" name="test_async_memory_connect_close" time="0.001" /><testcase classname="packages.data.tests.test_connection_management.TestConnectionManagement" name="test_sync_context_manager" time="0.000" /><testcase classname="packages.data.tests.test_connection_management.TestConnectionManagement" name="test_async_context_manager" time="0.001" /><testcase classname="packages.data.tests.test_connection_management.TestConnectionManagement" name="test_operations_without_connect" time="0.000" /><testcase classname="packages.data.tests.test_cross_backend_integration.TestSyncCrossBackendStreaming" name="test_memory_to_file_streaming" time="0.037" /><testcase classname="packages.data.tests.test_cross_backend_integration.TestSyncCrossBackendStreaming" name="test_filtered_streaming" time="0.021" /><testcase classname="packages.data.tests.test_cross_backend_integration.TestSyncCrossBackendStreaming" name="test_transformed_streaming" time="0.024" /><testcase classname="packages.data.tests.test_cross_backend_integration.TestSyncCrossBackendStreaming" name="test_bidirectional_streaming" time="0.036" /><testcase classname="packages.data.tests.test_cross_backend_integration.TestSyncCrossBackendMigration" name="test_simple_migration" time="0.136" /><testcase classname="packages.data.tests.test_cross_backend_integration.TestSyncCrossBackendMigration" name="test_migration_with_schema_change" time="0.195" /><testcase classname="packages.data.tests.test_cross_backend_integration.TestSyncCrossBackendMigration" name="test_migration_with_complex_transform" time="0.135" /><testcase classname="packages.data.tests.test_cross_backend_integration.TestSyncCrossBackendMigration" name="test_migration_validation" time="0.172" /><testcase classname="packages.data.tests.test_cross_backend_integration.TestAsyncCrossBackendOperations" name="test_async_memory_to_file_streaming" time="0.015" /><testcase classname="packages.data.tests.test_cross_backend_integration.TestAsyncCrossBackendOperations" name="test_async_filtered_migration" time="0.005" /><testcase classname="packages.data.tests.test_cross_backend_integration.TestAsyncCrossBackendOperations" name="test_async_transform_migration" time="0.011" /><testcase classname="packages.data.tests.test_cross_backend_integration.TestErrorHandlingAcrossBackends" name="test_streaming_with_write_errors" time="0.007" /><testcase classname="packages.data.tests.test_cross_backend_integration.TestErrorHandlingAcrossBackends" name="test_migration_with_mixed_errors" time="0.001" /><testcase classname="packages.data.tests.test_exceptions.TestDataknobsDataError" name="test_base_exception" time="0.000" /><testcase classname="packages.data.tests.test_exceptions.TestDataknobsDataError" name="test_inheritance" time="0.000" /><testcase classname="packages.data.tests.test_exceptions.TestRecordNotFoundError" name="test_record_not_found_with_id" time="0.000" /><testcase classname="packages.data.tests.test_exceptions.TestRecordNotFoundError" name="test_is_dataknobs_error" time="0.000" /><testcase classname="packages.data.tests.test_exceptions.TestRecordValidationError" name="test_validation_error_without_field" time="0.000" /><testcase classname="packages.data.tests.test_exceptions.TestRecordValidationError" name="test_validation_error_with_field" time="0.000" /><testcase classname="packages.data.tests.test_exceptions.TestRecordValidationError" name="test_is_dataknobs_error" time="0.000" /><testcase classname="packages.data.tests.test_exceptions.TestFieldTypeError" name="test_field_type_error" time="0.000" /><testcase classname="packages.data.tests.test_exceptions.TestFieldTypeError" name="test_is_dataknobs_error" time="0.000" /><testcase classname="packages.data.tests.test_exceptions.TestDatabaseError" name="test_database_error" time="0.000" /><testcase classname="packages.data.tests.test_exceptions.TestDatabaseError" name="test_is_dataknobs_error" time="0.000" /><testcase classname="packages.data.tests.test_exceptions.TestDatabaseConnectionError" name="test_connection_error" time="0.000" /><testcase classname="packages.data.tests.test_exceptions.TestDatabaseConnectionError" name="test_is_dataknobs_error" time="0.000" /><testcase classname="packages.data.tests.test_exceptions.TestDatabaseOperationError" name="test_operation_error" time="0.000" /><testcase classname="packages.data.tests.test_exceptions.TestDatabaseOperationError" name="test_is_dataknobs_error" time="0.000" /><testcase classname="packages.data.tests.test_exceptions.TestQueryError" name="test_query_error_without_query_object" time="0.000" /><testcase classname="packages.data.tests.test_exceptions.TestQueryError" name="test_query_error_with_query_object" time="0.000" /><testcase classname="packages.data.tests.test_exceptions.TestQueryError" name="test_is_dataknobs_error" time="0.000" /><testcase classname="packages.data.tests.test_exceptions.TestSerializationError" name="test_serialization_error" time="0.000" /><testcase classname="packages.data.tests.test_exceptions.TestSerializationError" name="test_is_dataknobs_error" time="0.000" /><testcase classname="packages.data.tests.test_exceptions.TestDataFormatError" name="test_data_format_error" time="0.000" /><testcase classname="packages.data.tests.test_exceptions.TestDataFormatError" name="test_is_dataknobs_error" time="0.000" /><testcase classname="packages.data.tests.test_exceptions.TestBackendNotFoundError" name="test_backend_not_found_without_available" time="0.000" /><testcase classname="packages.data.tests.test_exceptions.TestBackendNotFoundError" name="test_backend_not_found_with_available" time="0.000" /><testcase classname="packages.data.tests.test_exceptions.TestBackendNotFoundError" name="test_backend_not_found_with_empty_available" time="0.000" /><testcase classname="packages.data.tests.test_exceptions.TestBackendNotFoundError" name="test_is_dataknobs_error" time="0.000" /><testcase classname="packages.data.tests.test_exceptions.TestConfigurationError" name="test_configuration_error" time="0.000" /><testcase classname="packages.data.tests.test_exceptions.TestConfigurationError" name="test_is_dataknobs_error" time="0.000" /><testcase classname="packages.data.tests.test_exceptions.TestConcurrencyError" name="test_concurrency_error" time="0.000" /><testcase classname="packages.data.tests.test_exceptions.TestConcurrencyError" name="test_is_dataknobs_error" time="0.000" /><testcase classname="packages.data.tests.test_exceptions.TestTransactionError" name="test_transaction_error" time="0.000" /><testcase classname="packages.data.tests.test_exceptions.TestTransactionError" name="test_is_dataknobs_error" time="0.000" /><testcase classname="packages.data.tests.test_exceptions.TestMigrationError" name="test_migration_error" time="0.000" /><testcase classname="packages.data.tests.test_exceptions.TestMigrationError" name="test_is_dataknobs_error" time="0.000" /><testcase classname="packages.data.tests.test_exceptions.TestExceptionHierarchy" name="test_all_exceptions_inherit_from_base" time="0.000" /><testcase classname="packages.data.tests.test_exceptions.TestExceptionHierarchy" name="test_exception_catching_hierarchy" time="0.000" /><testcase classname="packages.data.tests.test_factories_validation.TestValidationFactories" name="test_schema_factory_basic" time="0.000" /><testcase classname="packages.data.tests.test_factories_validation.TestValidationFactories" name="test_coercer_factory" time="0.000" /><testcase classname="packages.data.tests.test_factories_validation.TestMigrationFactories" name="test_migration_factory_basic" time="0.000" /><testcase classname="packages.data.tests.test_factories_validation.TestMigrationFactories" name="test_transformer_factory" time="0.000" /><testcase classname="packages.data.tests.test_factories_validation.TestMigrationFactories" name="test_migrator_factory" time="0.000" /><testcase classname="packages.data.tests.test_factories_validation.TestFactoryIntegration" name="test_schema_validation_in_migration" time="0.000" /><testcase classname="packages.data.tests.test_factory.TestDatabaseFactory" name="test_create_memory_backend" time="0.000" /><testcase classname="packages.data.tests.test_factory.TestDatabaseFactory" name="test_create_file_backend" time="0.001" /><testcase classname="packages.data.tests.test_factory.TestDatabaseFactory" name="test_create_s3_backend" time="0.001" /><testcase classname="packages.data.tests.test_factory.TestDatabaseFactory" name="test_backend_aliases" time="0.000" /><testcase classname="packages.data.tests.test_factory.TestDatabaseFactory" name="test_unknown_backend_error" time="0.000" /><testcase classname="packages.data.tests.test_factory.TestDatabaseFactory" name="test_get_backend_info" time="0.000" /><testcase classname="packages.data.tests.test_factory.TestFactoryWithConfig" name="test_factory_registration" time="0.000" /><testcase classname="packages.data.tests.test_factory.TestFactoryWithConfig" name="test_factory_with_environment_variables" time="0.001" /><testcase classname="packages.data.tests.test_factory.TestFactoryWithConfig" name="test_multiple_backends_from_factory" time="0.001" /><testcase classname="packages.data.tests.test_factory.TestFactoryEdgeCases" name="test_missing_backend_parameter" time="0.000" /><testcase classname="packages.data.tests.test_factory.TestFactoryEdgeCases" name="test_backend_with_missing_dependencies" time="0.000" /><testcase classname="packages.data.tests.test_factory.TestFactoryEdgeCases" name="test_factory_singleton" time="0.000" /><testcase classname="packages.data.tests.test_factory_extended.TestDatabaseFactoryPostgres" name="test_create_postgres_backend_success" time="0.001" /><testcase classname="packages.data.tests.test_factory_extended.TestDatabaseFactoryPostgres" name="test_postgres_aliases" time="0.002" /><testcase classname="packages.data.tests.test_factory_extended.TestDatabaseFactoryPostgres" name="test_postgres_import_error" time="0.000" /><testcase classname="packages.data.tests.test_factory_extended.TestDatabaseFactoryElasticsearch" name="test_create_elasticsearch_backend_success" time="0.001" /><testcase classname="packages.data.tests.test_factory_extended.TestDatabaseFactoryElasticsearch" name="test_elasticsearch_aliases" time="0.002" /><testcase classname="packages.data.tests.test_factory_extended.TestDatabaseFactoryElasticsearch" name="test_elasticsearch_import_error" time="0.001" /><testcase classname="packages.data.tests.test_factory_extended.TestDatabaseFactoryS3ImportError" name="test_s3_import_error" time="0.000" /><testcase classname="packages.data.tests.test_factory_extended.TestBackendInfo" name="test_get_all_backend_info" time="0.000" /><testcase classname="packages.data.tests.test_factory_extended.TestBackendInfo" name="test_get_info_case_insensitive" time="0.000" /><testcase classname="packages.data.tests.test_factory_extended.TestBackendInfo" name="test_get_info_unknown_backend" time="0.000" /><testcase classname="packages.data.tests.test_factory_extended.TestAsyncDatabaseFactory" name="test_create_async_memory_backend" time="0.001" /><testcase classname="packages.data.tests.test_factory_extended.TestAsyncDatabaseFactory" name="test_create_async_file_backend" time="0.001" /><testcase classname="packages.data.tests.test_factory_extended.TestAsyncDatabaseFactory" name="test_create_async_postgres_backend" time="0.001" /><testcase classname="packages.data.tests.test_factory_extended.TestAsyncDatabaseFactory" name="test_create_async_elasticsearch_backend" time="0.001" /><testcase classname="packages.data.tests.test_factory_extended.TestAsyncDatabaseFactory" name="test_async_memory_aliases" time="0.001" /><testcase classname="packages.data.tests.test_factory_extended.TestAsyncDatabaseFactory" name="test_async_postgres_aliases" time="0.002" /><testcase classname="packages.data.tests.test_factory_extended.TestAsyncDatabaseFactory" name="test_async_elasticsearch_aliases" time="0.001" /><testcase classname="packages.data.tests.test_factory_extended.TestAsyncDatabaseFactory" name="test_async_s3_backend" time="0.001" /><testcase classname="packages.data.tests.test_factory_extended.TestAsyncDatabaseFactory" name="test_async_unknown_backend" time="0.000" /><testcase classname="packages.data.tests.test_factory_extended.TestAsyncDatabaseFactory" name="test_async_default_backend" time="0.001" /><testcase classname="packages.data.tests.test_factory_extended.TestFactorySingletons" name="test_database_factory_singleton" time="0.000" /><testcase classname="packages.data.tests.test_factory_extended.TestFactorySingletons" name="test_async_database_factory_singleton" time="0.000" /><testcase classname="packages.data.tests.test_factory_extended.TestFactorySingletons" name="test_both_factories_are_different" time="0.000" /><testcase classname="packages.data.tests.test_fields.TestFieldType" name="test_field_type_values" time="0.000" /><testcase classname="packages.data.tests.test_fields.TestField" name="test_field_creation_with_type" time="0.000" /><testcase classname="packages.data.tests.test_fields.TestField" name="test_field_creation_with_metadata" time="0.000" /><testcase classname="packages.data.tests.test_fields.TestField" name="test_field_type_auto_detection" time="0.000" /><testcase classname="packages.data.tests.test_fields.TestField" name="test_field_validation" time="0.000" /><testcase classname="packages.data.tests.test_fields.TestField" name="test_field_conversion" time="0.000" /><testcase classname="packages.data.tests.test_fields.TestField" name="test_field_to_dict" time="0.000" /><testcase classname="packages.data.tests.test_fields.TestField" name="test_field_from_dict" time="0.000" /><testcase classname="packages.data.tests.test_memory_backend.TestSyncMemoryDatabase" name="test_create_database" time="0.000" /><testcase classname="packages.data.tests.test_memory_backend.TestSyncMemoryDatabase" name="test_crud_operations" time="0.000" /><testcase classname="packages.data.tests.test_memory_backend.TestSyncMemoryDatabase" name="test_exists" time="0.000" /><testcase classname="packages.data.tests.test_memory_backend.TestSyncMemoryDatabase" name="test_upsert" time="0.000" /><testcase classname="packages.data.tests.test_memory_backend.TestSyncMemoryDatabase" name="test_search_with_filters" time="0.001" /><testcase classname="packages.data.tests.test_memory_backend.TestSyncMemoryDatabase" name="test_search_with_sorting" time="0.001" /><testcase classname="packages.data.tests.test_memory_backend.TestSyncMemoryDatabase" name="test_search_with_pagination" time="0.001" /><testcase classname="packages.data.tests.test_memory_backend.TestSyncMemoryDatabase" name="test_search_with_projection" time="0.000" /><testcase classname="packages.data.tests.test_memory_backend.TestSyncMemoryDatabase" name="test_batch_operations" time="0.000" /><testcase classname="packages.data.tests.test_memory_backend.TestSyncMemoryDatabase" name="test_count_and_clear" time="0.000" /><testcase classname="packages.data.tests.test_memory_backend.TestSyncMemoryDatabase" name="test_context_manager" time="0.000" /><testcase classname="packages.data.tests.test_memory_backend.TestSyncMemoryDatabase" name="test_thread_safety" time="0.002" /><testcase classname="packages.data.tests.test_memory_backend.TestAsyncMemoryDatabase" name="test_async_crud_operations" time="0.001" /><testcase classname="packages.data.tests.test_memory_backend.TestAsyncMemoryDatabase" name="test_async_search" time="0.001" /><testcase classname="packages.data.tests.test_memory_backend.TestAsyncMemoryDatabase" name="test_async_batch_operations" time="0.001" /><testcase classname="packages.data.tests.test_memory_backend.TestAsyncMemoryDatabase" name="test_async_context_manager" time="0.001" /><testcase classname="packages.data.tests.test_memory_backend.TestAsyncMemoryDatabase" name="test_concurrent_operations" time="0.001" /><testcase classname="packages.data.tests.test_migration.TestOperations" name="test_add_field_operation" time="0.000" /><testcase classname="packages.data.tests.test_migration.TestOperations" name="test_remove_field_operation" time="0.000" /><testcase classname="packages.data.tests.test_migration.TestOperations" name="test_rename_field_operation" time="0.000" /><testcase classname="packages.data.tests.test_migration.TestOperations" name="test_transform_field_operation" time="0.000" /><testcase classname="packages.data.tests.test_migration.TestOperations" name="test_transform_field_error_handling" time="0.000" /><testcase classname="packages.data.tests.test_migration.TestOperations" name="test_composite_operation" time="0.000" /><testcase classname="packages.data.tests.test_migration.TestMigration" name="test_simple_migration" time="0.000" /><testcase classname="packages.data.tests.test_migration.TestMigration" name="test_migration_reversal" time="0.000" /><testcase classname="packages.data.tests.test_migration.TestMigration" name="test_migration_validation" time="0.000" /><testcase classname="packages.data.tests.test_migration.TestMigration" name="test_get_affected_fields" time="0.000" /><testcase classname="packages.data.tests.test_migration.TestTransformer" name="test_map_transformation" time="0.000" /><testcase classname="packages.data.tests.test_migration.TestTransformer" name="test_exclude_transformation" time="0.000" /><testcase classname="packages.data.tests.test_migration.TestTransformer" name="test_add_transformation" time="0.000" /><testcase classname="packages.data.tests.test_migration.TestTransformer" name="test_fluent_api" time="0.000" /><testcase classname="packages.data.tests.test_migration.TestTransformer" name="test_transform_many" time="0.000" /><testcase classname="packages.data.tests.test_migration.TestMigrationProgress" name="test_progress_tracking" time="0.000" /><testcase classname="packages.data.tests.test_migration.TestMigrationProgress" name="test_progress_duration" time="0.106" /><testcase classname="packages.data.tests.test_migration.TestMigrationProgress" name="test_progress_merge" time="0.000" /><testcase classname="packages.data.tests.test_migration.TestMigrationProgress" name="test_progress_summary" time="0.108" /><testcase classname="packages.data.tests.test_migration.TestMigrator" name="test_simple_migration" time="0.004" /><testcase classname="packages.data.tests.test_migration.TestMigrator" name="test_migration_with_errors" time="0.001" /><testcase classname="packages.data.tests.test_migration.TestMigrator" name="test_migration_with_filter" time="0.003" /><testcase classname="packages.data.tests.test_migration.TestMigrator" name="test_migration_validation" time="0.001" /><testcase classname="packages.data.tests.test_migration.TestMigrator" name="test_migration_with_progress_callback" time="0.002" /><testcase classname="packages.data.tests.test_migration.TestIntegrationScenarios" name="test_schema_evolution_migration" time="0.002" /><testcase classname="packages.data.tests.test_migration.TestIntegrationScenarios" name="test_data_cleaning_migration" time="0.001" /><testcase classname="packages.data.tests.test_migrator_extended.TestMigratorAdvanced" name="test_migrate_with_skip_logic" time="0.001" /><testcase classname="packages.data.tests.test_migrator_extended.TestMigratorAdvanced" name="test_migrate_with_error_no_handler" time="0.001" /><testcase classname="packages.data.tests.test_migrator_extended.TestMigratorAdvanced" name="test_migrate_with_error_handler_continues" time="0.001" /><testcase classname="packages.data.tests.test_migrator_extended.TestMigratorAdvanced" name="test_migrate_stream_basic" time="0.009" /><testcase classname="packages.data.tests.test_migrator_extended.TestMigratorAdvanced" name="test_migrate_stream_with_transform" time="0.005" /><testcase classname="packages.data.tests.test_migrator_extended.TestMigratorAdvanced" name="test_migrate_stream_with_filter" time="0.002" /><testcase classname="packages.data.tests.test_migrator_extended.TestMigratorAdvanced" name="test_migrate_stream_with_errors" time="0.001" /><testcase classname="packages.data.tests.test_migrator_extended.TestMigratorAdvanced" name="test_migrate_stream_with_migration" time="0.003" /><testcase classname="packages.data.tests.test_migrator_extended.TestMigratorAdvanced" name="test_migrate_parallel" time="0.013" /><testcase classname="packages.data.tests.test_migrator_extended.TestMigratorAdvanced" name="test_migrate_parallel_with_transform" time="0.003" /><testcase classname="packages.data.tests.test_migrator_extended.TestMigratorAdvanced" name="test_migrate_async_basic" time="0.004" /><testcase classname="packages.data.tests.test_migrator_extended.TestMigratorAdvanced" name="test_migrate_async_with_transform" time="0.003" /><testcase classname="packages.data.tests.test_migrator_extended.TestMigratorAdvanced" name="test_migrate_async_with_errors" time="0.001" /><testcase classname="packages.data.tests.test_migrator_extended.TestMigratorAdvanced" name="test_write_batch_error_handling" time="0.000" /><testcase classname="packages.data.tests.test_migrator_extended.TestMigratorAdvanced" name="test_validate_migration_with_sample" time="0.013" /><testcase classname="packages.data.tests.test_migrator_extended.TestMigratorAdvanced" name="test_migrate_with_progress_callback" time="0.001" /><testcase classname="packages.data.tests.test_migrator_extended.TestMigratorAdvanced" name="test_migrate_stream_without_count" time="0.001" /><testcase classname="packages.data.tests.test_pandas_batch_ops.TestBatchConfig" name="test_default_config" time="0.000" /><testcase classname="packages.data.tests.test_pandas_batch_ops.TestBatchConfig" name="test_custom_config" time="0.000" /><testcase classname="packages.data.tests.test_pandas_batch_ops.TestChunkedProcessor" name="test_init" time="0.000" /><testcase classname="packages.data.tests.test_pandas_batch_ops.TestChunkedProcessor" name="test_iter_chunks" time="0.001" /><testcase classname="packages.data.tests.test_pandas_batch_ops.TestChunkedProcessor" name="test_process_dataframe_without_combine" time="0.001" /><testcase classname="packages.data.tests.test_pandas_batch_ops.TestChunkedProcessor" name="test_process_dataframe_with_combine" time="0.001" /><testcase classname="packages.data.tests.test_pandas_batch_ops.TestChunkedProcessor" name="test_read_csv_chunked" time="0.003" /><testcase classname="packages.data.tests.test_pandas_batch_ops.TestChunkedProcessor" name="test_empty_dataframe" time="0.000" /><testcase classname="packages.data.tests.test_pandas_batch_ops.TestBatchOperations" name="test_init_with_sync_database" time="0.000" /><testcase classname="packages.data.tests.test_pandas_batch_ops.TestBatchOperations" name="test_init_with_default_converter" time="0.000" /><testcase classname="packages.data.tests.test_pandas_batch_ops.TestBatchOperations" name="test_init_with_async_database" time="0.001" /><testcase classname="packages.data.tests.test_pandas_batch_ops.TestBatchOperations" name="test_bulk_insert_dataframe_simple" time="0.001" /><testcase classname="packages.data.tests.test_pandas_batch_ops.TestBatchOperations" name="test_bulk_insert_with_chunking" time="0.013" /><testcase classname="packages.data.tests.test_pandas_batch_ops.TestBatchOperations" name="test_bulk_insert_with_error_handling_skip" time="0.001" /><testcase classname="packages.data.tests.test_pandas_batch_ops.TestBatchOperations" name="test_bulk_insert_with_error_handling_log" time="0.001" /><testcase classname="packages.data.tests.test_pandas_batch_ops.TestBatchOperations" name="test_bulk_insert_with_error_handling_raise" time="0.001" /><testcase classname="packages.data.tests.test_pandas_batch_ops.TestBatchOperations" name="test_bulk_insert_with_progress_callback" time="0.001" /><testcase classname="packages.data.tests.test_pandas_batch_ops.TestBatchOperations" name="test_query_as_dataframe" time="0.001" /><testcase classname="packages.data.tests.test_pandas_batch_ops.TestBatchOperations" name="test_query_as_dataframe_async" time="0.001" /><testcase classname="packages.data.tests.test_pandas_batch_ops.TestBatchOperations" name="test_aggregate_with_groupby" time="0.003" /><testcase classname="packages.data.tests.test_pandas_batch_ops.TestBatchOperations" name="test_aggregate_without_groupby" time="0.001" /><testcase classname="packages.data.tests.test_pandas_batch_ops.TestBatchOperations" name="test_aggregate_with_custom_function" time="0.001" /><testcase classname="packages.data.tests.test_pandas_batch_ops.TestBatchOperations" name="test_aggregate_empty_result" time="0.000" /><testcase classname="packages.data.tests.test_pandas_batch_ops.TestBatchOperations" name="test_export_to_csv" time="0.001" /><testcase classname="packages.data.tests.test_pandas_batch_ops.TestBatchOperations" name="test_export_to_parquet" time="0.000"><skipped type="pytest.skip" message="could not import 'pyarrow': No module named 'pyarrow'">/workdir/packages/data/tests/test_pandas_batch_ops.py:433: could not import 'pyarrow': No module named 'pyarrow'</skipped></testcase><testcase classname="packages.data.tests.test_pandas_integration.TestDataFrameConverter" name="test_dataframe_to_records_basic" time="0.001" /><testcase classname="packages.data.tests.test_pandas_integration.TestDataFrameConverter" name="test_dataframe_to_records_with_nulls" time="0.001" /><testcase classname="packages.data.tests.test_pandas_integration.TestDataFrameConverter" name="test_dataframe_to_records_with_metadata" time="0.000" /><testcase classname="packages.data.tests.test_pandas_integration.TestDataFrameConverter" name="test_dataframe_to_records_with_index" time="0.000" /><testcase classname="packages.data.tests.test_pandas_integration.TestDataFrameConverter" name="test_records_to_dataframe_basic" time="0.001" /><testcase classname="packages.data.tests.test_pandas_integration.TestDataFrameConverter" name="test_records_to_dataframe_with_nested" time="0.001" /><testcase classname="packages.data.tests.test_pandas_integration.TestDataFrameConverter" name="test_records_to_dataframe_with_metadata" time="0.001" /><testcase classname="packages.data.tests.test_pandas_integration.TestDataFrameConverter" name="test_bidirectional_conversion" time="0.001" /><testcase classname="packages.data.tests.test_pandas_integration.TestDataFrameConverter" name="test_complex_types_conversion" time="0.001" /><testcase classname="packages.data.tests.test_pandas_integration.TestTypeMapper" name="test_infer_field_type_basic" time="0.001" /><testcase classname="packages.data.tests.test_pandas_integration.TestTypeMapper" name="test_infer_field_type_datetime" time="0.001" /><testcase classname="packages.data.tests.test_pandas_integration.TestTypeMapper" name="test_infer_field_type_mixed" time="0.000" /><testcase classname="packages.data.tests.test_pandas_integration.TestTypeMapper" name="test_get_pandas_dtype" time="0.000" /><testcase classname="packages.data.tests.test_pandas_integration.TestTypeMapper" name="test_convert_value_basic" time="0.000" /><testcase classname="packages.data.tests.test_pandas_integration.TestTypeMapper" name="test_convert_value_datetime" time="0.001" /><testcase classname="packages.data.tests.test_pandas_integration.TestTypeMapper" name="test_get_optimal_dtype" time="0.001" /><testcase classname="packages.data.tests.test_pandas_integration.TestTypeMapper" name="test_cast_dataframe_dtypes" time="0.001" /><testcase classname="packages.data.tests.test_pandas_integration.TestTypeMapper" name="test_normalize_timezone" time="0.088" /><testcase classname="packages.data.tests.test_pandas_integration.TestBatchConfig" name="test_default_config" time="0.000" /><testcase classname="packages.data.tests.test_pandas_integration.TestBatchConfig" name="test_custom_config" time="0.000" /><testcase classname="packages.data.tests.test_pandas_integration.TestBatchConfig" name="test_invalid_chunk_size" time="0.000" /><testcase classname="packages.data.tests.test_pandas_integration.TestBatchConfig" name="test_invalid_error_handling" time="0.000" /><testcase classname="packages.data.tests.test_pandas_integration.TestConversionOptions" name="test_default_options" time="0.000" /><testcase classname="packages.data.tests.test_pandas_integration.TestConversionOptions" name="test_custom_options" time="0.000" /><testcase classname="packages.data.tests.test_pandas_integration.TestConversionOptions" name="test_merge_metadata" time="0.000" /><testcase classname="packages.data.tests.test_pandas_integration.TestBatchOperations" name="test_bulk_insert_dataframe" time="0.007" /><testcase classname="packages.data.tests.test_pandas_integration.TestBatchOperations" name="test_query_as_dataframe" time="0.001" /><testcase classname="packages.data.tests.test_pandas_integration.TestBatchOperations" name="test_update_from_dataframe" time="0.001" /><testcase classname="packages.data.tests.test_pandas_integration.TestBatchOperations" name="test_bulk_insert_with_error" time="0.001" /><testcase classname="packages.data.tests.test_pandas_integration.TestBatchOperations" name="test_parallel_bulk_insert" time="0.007" /><testcase classname="packages.data.tests.test_pandas_integration.TestBatchOperations" name="test_aggregate" time="0.003" /><testcase classname="packages.data.tests.test_pandas_integration.TestBatchOperations" name="test_transform_and_save" time="0.002" /><testcase classname="packages.data.tests.test_pandas_integration.TestBatchOperations" name="test_export_to_csv" time="0.002" /><testcase classname="packages.data.tests.test_pandas_integration.TestBatchOperations" name="test_export_to_parquet" time="0.001"><skipped type="pytest.skip" message="pyarrow not installed">/workdir/packages/data/tests/test_pandas_integration.py:727: pyarrow not installed</skipped></testcase><testcase classname="packages.data.tests.test_pool_manager.TestPostgresPoolConfig" name="test_from_dict_with_defaults" time="0.000" /><testcase classname="packages.data.tests.test_pool_manager.TestPostgresPoolConfig" name="test_from_dict_with_custom_values" time="0.000" /><testcase classname="packages.data.tests.test_pool_manager.TestPostgresPoolConfig" name="test_to_connection_string" time="0.000" /><testcase classname="packages.data.tests.test_pool_manager.TestPostgresPoolConfig" name="test_to_hash_key" time="0.000" /><testcase classname="packages.data.tests.test_pool_manager.TestConnectionPoolManager" name="test_get_pool_creates_new" time="0.001" /><testcase classname="packages.data.tests.test_pool_manager.TestConnectionPoolManager" name="test_get_pool_reuses_existing" time="0.001" /><testcase classname="packages.data.tests.test_pool_manager.TestConnectionPoolManager" name="test_get_pool_with_validation" time="0.001" /><testcase classname="packages.data.tests.test_pool_manager.TestConnectionPoolManager" name="test_get_pool_recreates_invalid" time="0.002" /><testcase classname="packages.data.tests.test_pool_manager.TestConnectionPoolManager" name="test_remove_pool" time="0.001" /><testcase classname="packages.data.tests.test_pool_manager.TestConnectionPoolManager" name="test_close_all" time="0.002" /><testcase classname="packages.data.tests.test_pool_manager.TestConnectionPoolManager" name="test_get_pool_info" time="0.000" /><testcase classname="packages.data.tests.test_pool_manager.TestAsyncpgHelpers" name="test_create_asyncpg_pool" time="0.001" /><testcase classname="packages.data.tests.test_pool_manager.TestAsyncpgHelpers" name="test_validate_asyncpg_pool_success" time="0.002" /><testcase classname="packages.data.tests.test_pool_manager.TestAsyncpgHelpers" name="test_validate_asyncpg_pool_failure" time="0.002" /><testcase classname="packages.data.tests.test_query.TestFilter" name="test_filter_creation" time="0.000" /><testcase classname="packages.data.tests.test_query.TestFilter" name="test_filter_matches" time="0.000" /><testcase classname="packages.data.tests.test_query.TestFilter" name="test_filter_to_from_dict" time="0.000" /><testcase classname="packages.data.tests.test_query.TestSortSpec" name="test_sort_spec_creation" time="0.000" /><testcase classname="packages.data.tests.test_query.TestSortSpec" name="test_sort_spec_to_from_dict" time="0.000" /><testcase classname="packages.data.tests.test_query.TestQuery" name="test_query_creation" time="0.000" /><testcase classname="packages.data.tests.test_query.TestQuery" name="test_query_fluent_interface" time="0.000" /><testcase classname="packages.data.tests.test_query.TestQuery" name="test_query_filter_operator_mapping" time="0.000" /><testcase classname="packages.data.tests.test_query.TestQuery" name="test_query_clear_methods" time="0.000" /><testcase classname="packages.data.tests.test_query.TestQuery" name="test_query_to_from_dict" time="0.000" /><testcase classname="packages.data.tests.test_query.TestQuery" name="test_query_copy" time="0.000" /><testcase classname="packages.data.tests.test_query_enhanced.TestQueryOperatorMapping" name="test_uppercase_operators" time="0.000" /><testcase classname="packages.data.tests.test_query_enhanced.TestQueryOperatorMapping" name="test_mixed_case_operators" time="0.000" /><testcase classname="packages.data.tests.test_query_enhanced.TestQueryOperatorMapping" name="test_all_operator_mappings" time="0.000" /><testcase classname="packages.data.tests.test_query_enhanced.TestQueryFluentInterface" name="test_method_aliases" time="0.000" /><testcase classname="packages.data.tests.test_query_enhanced.TestQueryFluentInterface" name="test_method_chaining" time="0.000" /><testcase classname="packages.data.tests.test_query_enhanced.TestQueryFluentInterface" name="test_property_access" time="0.000" /><testcase classname="packages.data.tests.test_query_enhanced.TestQueryEdgeCases" name="test_empty_query" time="0.000" /><testcase classname="packages.data.tests.test_query_enhanced.TestQueryEdgeCases" name="test_none_values" time="0.000" /><testcase classname="packages.data.tests.test_query_enhanced.TestQueryEdgeCases" name="test_special_characters_in_patterns" time="0.000" /><testcase classname="packages.data.tests.test_query_enhanced.TestQueryEdgeCases" name="test_large_in_list" time="0.000" /><testcase classname="packages.data.tests.test_query_enhanced.TestQueryEdgeCases" name="test_complex_sorting" time="0.000" /><testcase classname="packages.data.tests.test_query_enhanced.TestQuerySerialization" name="test_complex_query_roundtrip" time="0.000" /><testcase classname="packages.data.tests.test_query_enhanced.TestQuerySerialization" name="test_partial_deserialization" time="0.000" /><testcase classname="packages.data.tests.test_query_enhanced.TestFilterMatching" name="test_like_pattern_matching" time="0.000" /><testcase classname="packages.data.tests.test_query_enhanced.TestFilterMatching" name="test_in_operator_with_different_types" time="0.000" /><testcase classname="packages.data.tests.test_query_enhanced.TestFilterMatching" name="test_comparison_with_nulls" time="0.000" /><testcase classname="packages.data.tests.test_query_enhanced.TestQueryIntegration" name="test_user_search_query" time="0.000" /><testcase classname="packages.data.tests.test_query_enhanced.TestQueryIntegration" name="test_pagination_query" time="0.000" /><testcase classname="packages.data.tests.test_query_enhanced.TestQueryIntegration" name="test_dynamic_query_building" time="0.000" /><testcase classname="packages.data.tests.test_records.TestRecord" name="test_record_creation_from_dict" time="0.000" /><testcase classname="packages.data.tests.test_records.TestRecord" name="test_record_creation_from_fields" time="0.000" /><testcase classname="packages.data.tests.test_records.TestRecord" name="test_record_with_metadata" time="0.000" /><testcase classname="packages.data.tests.test_records.TestRecord" name="test_get_and_set_field" time="0.000" /><testcase classname="packages.data.tests.test_records.TestRecord" name="test_remove_field" time="0.000" /><testcase classname="packages.data.tests.test_records.TestRecord" name="test_has_field" time="0.000" /><testcase classname="packages.data.tests.test_records.TestRecord" name="test_field_names_and_count" time="0.000" /><testcase classname="packages.data.tests.test_records.TestRecord" name="test_dict_like_access" time="0.000" /><testcase classname="packages.data.tests.test_records.TestRecord" name="test_iteration" time="0.000" /><testcase classname="packages.data.tests.test_records.TestRecord" name="test_validation" time="0.000" /><testcase classname="packages.data.tests.test_records.TestRecord" name="test_to_dict" time="0.000" /><testcase classname="packages.data.tests.test_records.TestRecord" name="test_from_dict" time="0.000" /><testcase classname="packages.data.tests.test_records.TestRecord" name="test_from_to_dict" time="0.000" /><testcase classname="packages.data.tests.test_records.TestRecord" name="test_copy" time="0.000" /><testcase classname="packages.data.tests.test_records.TestRecord" name="test_project" time="0.000" /><testcase classname="packages.data.tests.test_records.TestRecord" name="test_merge" time="0.000" /><testcase classname="packages.data.tests.test_s3_config_integration.TestS3ConfigIntegration" name="test_s3_config_integration" time="0.001" /><testcase classname="packages.data.tests.test_s3_config_integration.TestS3ConfigIntegration" name="test_s3_config_with_environment_variables" time="0.001" /><testcase classname="packages.data.tests.test_s3_config_integration.TestS3ConfigIntegration" name="test_s3_config_with_defaults" time="0.001" /><testcase classname="packages.data.tests.test_s3_config_integration.TestS3ConfigIntegration" name="test_s3_from_config_directly" time="0.001" /><testcase classname="packages.data.tests.test_s3_config_integration.TestS3ConfigIntegration" name="test_s3_missing_requi
[...]
mProcessor" name="test_filter_stream" time="0.000" /><testcase classname="packages.data.tests.test_streaming.TestStreamProcessor" name="test_transform_stream" time="0.000" /><testcase classname="packages.data.tests.test_streaming.TestStreamProcessor" name="test_async_batch_iterator" time="0.001" /><testcase classname="packages.data.tests.test_streaming.TestStreamProcessor" name="test_async_filter_stream" time="0.001" /><testcase classname="packages.data.tests.test_streaming.TestStreamProcessor" name="test_async_transform_stream" time="0.001" /><testcase classname="packages.data.tests.test_streaming.TestSyncMemoryDatabaseStreaming" name="test_stream_read_all" time="0.004" /><testcase classname="packages.data.tests.test_streaming.TestSyncMemoryDatabaseStreaming" name="test_stream_read_with_query" time="0.004" /><testcase classname="packages.data.tests.test_streaming.TestSyncMemoryDatabaseStreaming" name="test_stream_write" time="0.003" /><testcase classname="packages.data.tests.test_streaming.TestSyncMemoryDatabaseStreaming" name="test_stream_write_with_errors" time="0.003" /><testcase classname="packages.data.tests.test_streaming.TestSyncMemoryDatabaseStreaming" name="test_stream_transform" time="0.005" /><testcase classname="packages.data.tests.test_streaming.TestSyncMemoryDatabaseStreaming" name="test_stream_transform_with_filter" time="0.003" /><testcase classname="packages.data.tests.test_streaming.TestAsyncMemoryDatabaseStreaming" name="test_stream_read_all" time="0.005" /><testcase classname="packages.data.tests.test_streaming.TestAsyncMemoryDatabaseStreaming" name="test_stream_read_with_query" time="0.005" /><testcase classname="packages.data.tests.test_streaming.TestAsyncMemoryDatabaseStreaming" name="test_stream_write" time="0.001" /><testcase classname="packages.data.tests.test_streaming.TestAsyncMemoryDatabaseStreaming" name="test_stream_transform" time="0.006" /><testcase classname="packages.data.tests.test_streaming.TestAsyncMemoryDatabaseStreaming" name="test_error_handling_with_callback" time="0.001" /><testcase classname="packages.data.tests.test_streaming.TestStreamingIntegration" name="test_sync_memory_to_memory_migration" time="0.004" /><testcase classname="packages.data.tests.test_streaming.TestStreamingIntegration" name="test_filtered_migration" time="0.005" /><testcase classname="packages.data.tests.test_streaming.TestStreamingIntegration" name="test_transformed_migration" time="0.004" /><testcase classname="packages.data.tests.test_streaming.TestStreamingIntegration" name="test_async_memory_to_memory_migration" time="0.005" /><testcase classname="packages.data.tests.test_streaming_mixins.TestStreamingMixinDefaults" name="test_default_stream_read" time="0.000" /><testcase classname="packages.data.tests.test_streaming_mixins.TestStreamingMixinDefaults" name="test_default_stream_read_with_query" time="0.001" /><testcase classname="packages.data.tests.test_streaming_mixins.TestStreamingMixinDefaults" name="test_default_stream_write_success" time="0.000" /><testcase classname="packages.data.tests.test_streaming_mixins.TestStreamingMixinDefaults" name="test_default_stream_write_with_batch_failure" time="0.000" /><testcase classname="packages.data.tests.test_streaming_mixins.TestStreamingMixinDefaults" name="test_default_stream_write_with_individual_failures" time="0.000" /><testcase classname="packages.data.tests.test_streaming_mixins.TestStreamingMixinDefaults" name="test_default_stream_write_stop_on_error" time="0.000" /><testcase classname="packages.data.tests.test_streaming_mixins.TestAsyncStreamingMixinDefaults" name="test_async_default_stream_read" time="0.001" /><testcase classname="packages.data.tests.test_streaming_mixins.TestAsyncStreamingMixinDefaults" name="test_async_default_stream_write_success" time="0.001" /><testcase classname="packages.data.tests.test_streaming_mixins.TestAsyncStreamingMixinDefaults" name="test_async_stream_write_with_batch_failure" time="0.001" /><testcase classname="packages.data.tests.test_streaming_mixins.TestAsyncStreamingMixinDefaults" name="test_async_stream_write_with_individual_failures" time="0.001" /><testcase classname="packages.data.tests.test_streaming_mixins.TestStreamResultMerge" name="test_merge_results" time="0.000" /><testcase classname="packages.data.tests.test_streaming_simple.TestAsyncV2Streaming" name="test_basic_streaming_with_migration" time="0.001" /><testcase classname="packages.data.tests.test_streaming_simple.TestAsyncV2Streaming" name="test_streaming_with_validation" time="0.001" /><testcase classname="packages.data.tests.test_streaming_simple.TestAsyncV2Streaming" name="test_streaming_with_transformer" time="0.001" /><testcase classname="packages.data.tests.test_streaming_simple.TestSyncV2Streaming" name="test_sync_streaming_with_migration" time="0.001" /><testcase classname="packages.data.tests.test_streaming_simple.TestSyncV2Streaming" name="test_sync_streaming_performance" time="0.005" /><testcase classname="packages.data.tests.test_streaming_simple.TestStreamingIntegration" name="test_migration_chain" time="0.001" /><testcase classname="packages.data.tests.test_validation.TestValidationResult" name="test_success_result" time="0.000" /><testcase classname="packages.data.tests.test_validation.TestValidationResult" name="test_failure_result" time="0.000" /><testcase classname="packages.data.tests.test_validation.TestValidationResult" name="test_merge_results" time="0.000" /><testcase classname="packages.data.tests.test_validation.TestValidationResult" name="test_add_error" time="0.000" /><testcase classname="packages.data.tests.test_validation.TestValidationResult" name="test_add_warning" time="0.000" /><testcase classname="packages.data.tests.test_validation.TestValidationContext" name="test_seen_values_tracking" time="0.000" /><testcase classname="packages.data.tests.test_validation.TestValidationContext" name="test_clear_seen_values" time="0.000" /><testcase classname="packages.data.tests.test_validation.TestValidationContext" name="test_metadata_storage" time="0.000" /><testcase classname="packages.data.tests.test_validation.TestConstraints" name="test_required_constraint" time="0.000" /><testcase classname="packages.data.tests.test_validation.TestConstraints" name="test_range_constraint" time="0.000" /><testcase classname="packages.data.tests.test_validation.TestConstraints" name="test_length_constraint" time="0.000" /><testcase classname="packages.data.tests.test_validation.TestConstraints" name="test_pattern_constraint" time="0.000" /><testcase classname="packages.data.tests.test_validation.TestConstraints" name="test_enum_constraint" time="0.000" /><testcase classname="packages.data.tests.test_validation.TestConstraints" name="test_unique_constraint" time="0.000" /><testcase classname="packages.data.tests.test_validation.TestConstraints" name="test_custom_constraint" time="0.000" /><testcase classname="packages.data.tests.test_validation.TestConstraints" name="test_constraint_composition" time="0.000" /><testcase classname="packages.data.tests.test_validation.TestSchema" name="test_simple_schema" time="0.000" /><testcase classname="packages.data.tests.test_validation.TestSchema" name="test_fluent_schema_api" time="0.000" /><testcase classname="packages.data.tests.test_validation.TestSchema" name="test_strict_mode" time="0.000" /><testcase classname="packages.data.tests.test_validation.TestSchema" name="test_validate_many" time="0.000" /><testcase classname="packages.data.tests.test_validation.TestSchema" name="test_schema_serialization" time="0.000" /><testcase classname="packages.data.tests.test_validation.TestCoercer" name="test_string_coercion" time="0.000" /><testcase classname="packages.data.tests.test_validation.TestCoercer" name="test_integer_coercion" time="0.000" /><testcase classname="packages.data.tests.test_validation.TestCoercer" name="test_float_coercion" time="0.000" /><testcase classname="packages.data.tests.test_validation.TestCoercer" name="test_boolean_coercion" time="0.000" /><testcase classname="packages.data.tests.test_validation.TestCoercer" name="test_datetime_coercion" time="0.003" /><testcase classname="packages.data.tests.test_validation.TestCoercer" name="test_field_type_coercion" time="0.000" /><testcase classname="packages.data.tests.test_validation.TestCoercer" name="test_coerce_many" time="0.000" /><testcase classname="packages.data.tests.test_validation.TestIntegration" name="test_schema_with_coercion" time="0.000" /><testcase classname="packages.data.tests.test_validation.TestIntegration" name="test_complex_validation_scenario" time="0.001" /><testcase classname="packages.legacy.tests.test_legacy_imports" name="test_legacy_package_deprecation_warning" time="0.002" /><testcase classname="packages.legacy.tests.test_legacy_imports" name="test_legacy_utils_imports" time="0.001" /><testcase classname="packages.legacy.tests.test_legacy_imports" name="test_legacy_structures_imports" time="0.001" /><testcase classname="packages.legacy.tests.test_legacy_imports" name="test_legacy_xization_imports" time="0.001" /><testcase classname="packages.legacy.tests.test_legacy_imports" name="test_legacy_package_version" time="0.000" /><testcase classname="packages.legacy.tests.test_legacy_imports" name="test_backward_compatibility_json_utils" time="0.000" /><testcase classname="packages.legacy.tests.test_legacy_imports" name="test_backward_compatibility_file_utils" time="0.000" /><testcase classname="packages.structures.tests.test_conditional_dict" name="test_basics" time="0.000" /><testcase classname="packages.structures.tests.test_conditional_dict" name="test_enforce_constraints_on_construction" time="0.000" /><testcase classname="packages.structures.tests.test_conditional_dict" name="test_enforce_constraints_on_update" time="0.000" /><testcase classname="packages.structures.tests.test_conditional_dict" name="test_enforce_constraints_on_setdefault" time="0.000" /><testcase classname="packages.structures.tests.test_document" name="test_simple_text" time="0.000" /><testcase classname="packages.structures.tests.test_record_store" name="test_basics" time="0.003" /><testcase classname="packages.structures.tests.test_record_store" name="test_no_backing_file" time="0.001" /><testcase classname="packages.structures.tests.test_tree" name="test_basics" time="0.000" /><testcase classname="packages.structures.tests.test_tree" name="test_find_nodes" time="0.000" /><testcase classname="packages.structures.tests.test_tree" name="test_collect_all_terminal_nodes" time="0.000" /><testcase classname="packages.structures.tests.test_tree" name="test_collect_some_terminal_nodes" time="0.000" /><testcase classname="packages.structures.tests.test_tree" name="test_path_and_ancestor" time="0.000" /><testcase classname="packages.structures.tests.test_tree" name="test_deepest_common_ancestor" time="0.000" /><testcase classname="packages.structures.tests.test_tree" name="test_prune" time="0.000" /><testcase classname="packages.structures.tests.test_tree" name="test_insert" time="0.000" /><testcase classname="packages.structures.tests.test_tree" name="test_get_deepest_left_and_right" time="0.000" /><testcase classname="packages.structures.tests.test_tree" name="test_edges" time="0.000" /><testcase classname="packages.structures.tests.test_tree" name="test_build_tree1" time="0.002" /><testcase classname="packages.structures.tests.test_tree" name="test_build_tree2" time="0.000" /><testcase classname="packages.utils.tests.test_elasticsearch_utils" name="test_build_field_query_dict_basic_noop" time="0.000" /><testcase classname="packages.utils.tests.test_elasticsearch_utils" name="test_build_field_query_dict_basic_withop" time="0.000" /><testcase classname="packages.utils.tests.test_elasticsearch_utils" name="test_build_field_query_dict_single_multifield" time="0.000" /><testcase classname="packages.utils.tests.test_elasticsearch_utils" name="test_build_field_query_dict_multifield" time="0.000" /><testcase classname="packages.utils.tests.test_elasticsearch_utils" name="test_build_phrase_query_dict" time="0.000" /><testcase classname="packages.utils.tests.test_elasticsearch_utils" name="test_batchfile_functions" time="0.001" /><testcase classname="packages.utils.tests.test_elasticsearch_utils" name="test_elasticsearch_index" time="0.002" /><testcase classname="packages.utils.tests.test_file_utils" name="test_basics" time="0.001" /><testcase classname="packages.utils.tests.test_file_utils" name="test_is_gzip_file" time="0.002" /><testcase classname="packages.utils.tests.test_json_extractor.TestJSONExtractor" name="test_complete_json" time="0.000" /><testcase classname="packages.utils.tests.test_json_extractor.TestJSONExtractor" name="test_multiple_json" time="0.000" /><testcase classname="packages.utils.tests.test_json_extractor.TestJSONExtractor" name="test_nested_json" time="0.000" /><testcase classname="packages.utils.tests.test_json_extractor.TestJSONExtractor" name="test_malformed_json_unclosed_brace" time="0.000" /><testcase classname="packages.utils.tests.test_json_extractor.TestJSONExtractor" name="test_malformed_json_unclosed_string" time="0.000" /><testcase classname="packages.utils.tests.test_json_extractor.TestJSONExtractor" name="test_malformed_json_trailing_comma" time="0.000" /><testcase classname="packages.utils.tests.test_json_extractor.TestJSONExtractor" name="test_no_json" time="0.000" /><testcase classname="packages.utils.tests.test_json_extractor.TestJSONExtractor" name="test_multiple_malformed_json" time="0.000" /><testcase classname="packages.utils.tests.test_json_extractor.TestJSONExtractor" name="test_severely_malformed_json" time="0.000" /><testcase classname="packages.utils.tests.test_json_extractor.TestJSONExtractor" name="test_json_with_escaped_quotes" time="0.000" /><testcase classname="packages.utils.tests.test_json_utils" name="test_get_value" time="0.000" /><testcase classname="packages.utils.tests.test_json_utils" name="test_get_value2" time="0.001" /><testcase classname="packages.utils.tests.test_json_utils" name="test_count_uniques" time="0.001" /><testcase classname="packages.utils.tests.test_json_utils" name="test_count_limited_uniques" time="0.001" /><testcase classname="packages.utils.tests.test_json_utils" name="test_invert_values" time="0.002" /><testcase classname="packages.utils.tests.test_json_utils" name="test_squash_and_explode_data1" time="0.001" /><testcase classname="packages.utils.tests.test_json_utils" name="test_squash_and_explode_data2" time="0.001" /><testcase classname="packages.utils.tests.test_llm_utils" name="test_get_value_by_key" time="0.000" /><testcase classname="packages.utils.tests.test_llm_utils" name="test_prompt_message" time="0.000" /><testcase classname="packages.utils.tests.test_llm_utils" name="test_prompt_message_build_instance" time="0.000" /><testcase classname="packages.utils.tests.test_llm_utils" name="test_prompt_tree_construction" time="0.000" /><testcase classname="packages.utils.tests.test_llm_utils" name="test_prompt_tree_serialization_roundtrip" time="0.001" /><testcase classname="packages.utils.tests.test_llm_utils" name="test_get_duration_and_apply" time="0.000" /><testcase classname="packages.utils.tests.test_pandas_utils" name="test_dicts2df" time="0.004" /><testcase classname="packages.utils.tests.test_pandas_utils" name="test_sort_by_str_length" time="0.001" /><testcase classname="packages.utils.tests.test_pandas_utils" name="test_group_manager_explode_empties" time="0.002" /><testcase classname="packages.utils.tests.test_pandas_utils" name="test_group_manager_explode" time="0.001" /><testcase classname="packages.utils.tests.test_pandas_utils" name="test_group_manager_mark_and_unmark" time="0.011" /><testcase classname="packages.utils.tests.test_pandas_utils" name="test_group_manager_find_subsets" time="0.020" /><testcase classname="packages.utils.tests.test_pandas_utils" name="test_group_manager_subgroups" time="0.010" /><testcase classname="packages.utils.tests.test_requests_utils" name="test_get_current_ip" time="0.000" /><testcase classname="packages.utils.tests.test_requests_utils" name="test_server_response_repr1" time="0.000" /><testcase classname="packages.utils.tests.test_requests_utils" name="test_server_response_repr2" time="0.000" /><testcase classname="packages.utils.tests.test_resource_utils" name="test_get_nltk_wordnet" time="0.001" /><testcase classname="packages.utils.tests.test_stats_utils" name="test_empty" time="0.000" /><testcase classname="packages.utils.tests.test_stats_utils" name="test_stats_accumulator_basics1" time="0.000" /><testcase classname="packages.utils.tests.test_stats_utils" name="test_stats_accumulator_basics2" time="0.000" /><testcase classname="packages.utils.tests.test_stats_utils" name="test_combine" time="0.000" /><testcase classname="packages.utils.tests.test_stats_utils" name="test_copy_constructor" time="0.000" /><testcase classname="packages.utils.tests.test_stats_utils" name="test_initialize_from_dict1" time="0.000" /><testcase classname="packages.utils.tests.test_stats_utils" name="test_floating_point" time="0.000" /><testcase classname="packages.utils.tests.test_stats_utils" name="test_simple1" time="0.152" /><testcase classname="packages.utils.tests.test_stats_utils" name="test_monitor_basics_with_processing" time="0.192" /><testcase classname="packages.utils.tests.test_stats_utils" name="test_monitor_basics_with_access_only" time="0.192" /><testcase classname="packages.utils.tests.test_stats_utils" name="test_monitor_manager_basics" time="0.194" /><testcase classname="packages.utils.tests.test_stats_utils" name="test_key_manager" time="0.001" /><testcase classname="packages.utils.tests.test_xml_utils" name="test_xml_leaf_stream" time="0.002" /><testcase classname="packages.utils.tests.test_xml_utils" name="test_xml_element_grabber" time="0.001" /><testcase classname="packages.xization.tests.test_authorities" name="test_regex_authority_no_groups" time="0.003" /><testcase classname="packages.xization.tests.test_authorities" name="test_regex_authority_no_name_groups" time="0.002" /><testcase classname="packages.xization.tests.test_authorities" name="test_regex_authority_named_groups" time="0.004" /><testcase classname="packages.xization.tests.test_masking_tokenizer" name="test_empty_tokenization" time="0.004" /><testcase classname="packages.xization.tests.test_masking_tokenizer" name="test_dual_tokenization" time="0.008" /><testcase classname="packages.xization.tests.test_masking_tokenizer" name="test_simple_tokenization" time="0.007" /><testcase classname="packages.xization.tests.test_masking_tokenizer" name="test_emoji_tokenization_with_camelcase" time="1.181" /><testcase classname="packages.xization.tests.test_masking_tokenizer" name="test_emoji_tokenization_without_camelcase" time="1.168" /><testcase classname="packages.xization.tests.test_normalize" name="test_expand_camelcase_fn" time="0.000" /><testcase classname="packages.xization.tests.test_normalize" name="test_drop_non_embedded_symbols_fn" time="0.000" /><testcase classname="packages.xization.tests.test_normalize" name="test_drop_embedded_symbols_fn" time="0.000" /><testcase classname="packages.xization.tests.test_normalize" name="test_get_hyphen_slash_expansions_fn" time="0.000" /><testcase classname="packages.xization.tests.test_normalize" name="test_drop_parentheticals_fn" time="0.000" /><testcase classname="packages.xization.tests.test_normalize" name="test_expand_ampersand_fn" time="0.000" /><testcase classname="packages.xization.tests.test_normalize" name="test_get_all_string_variations" time="0.000" /><testcase classname="packages.xization.tests.test_normalize" name="test_int_to_en" time="0.000" /><testcase classname="packages.xization.tests.test_normalize" name="test_replace_smart_quotes_fn" time="0.000" /><testcase classname="packages.xization.tests.test_normalize" name="test_basic_normalization_fn" time="0.001" /></testsuite></testsuites>