<?xml version="1.0" encoding="utf-8"?><testsuites name="pytest tests"><testsuite name="pytest" errors="0" failures="0" skipped="30" tests="296" time="5.906" timestamp="2025-08-14T01:36:46.505984+00:00" hostname="79582b7d1af8"><testcase classname="packages.common.tests.test_version" name="test_version" time="0.000" /><testcase classname="packages.config.tests.test_builders.TestObjectConstruction" name="test_build_with_class" time="0.000" /><testcase classname="packages.config.tests.test_builders.TestObjectConstruction" name="test_build_with_configurable_base" time="0.000" /><testcase classname="packages.config.tests.test_builders.TestObjectConstruction" name="test_build_with_factory" time="0.000" /><testcase classname="packages.config.tests.test_builders.TestObjectConstruction" name="test_build_with_callable_factory" time="0.000" /><testcase classname="packages.config.tests.test_builders.TestObjectConstruction" name="test_build_without_class_or_factory" time="0.000" /><testcase classname="packages.config.tests.test_builders.TestObjectConstruction" name="test_invalid_class_path" time="0.000" /><testcase classname="packages.config.tests.test_builders.TestObjectConstruction" name="test_build_with_kwargs" time="0.000" /><testcase classname="packages.config.tests.test_builders.TestObjectCaching" name="test_cache_enabled" time="0.000" /><testcase classname="packages.config.tests.test_builders.TestObjectCaching" name="test_cache_disabled" time="0.000" /><testcase classname="packages.config.tests.test_builders.TestObjectCaching" name="test_clear_cache" time="0.000" /><testcase classname="packages.config.tests.test_builders.TestObjectCaching" name="test_clear_all_cache" time="0.000" /><testcase classname="packages.config.tests.test_config.TestConfigBasics" name="test_empty_config" time="0.000" /><testcase classname="packages.config.tests.test_config.TestConfigBasics" name="test_from_dict" time="0.000" /><testcase classname="packages.config.tests.test_config.TestConfigBasics" name="test_get_by_index" time="0.000" /><testcase classname="packages.config.tests.test_config.TestConfigBasics" name="test_get_by_name" time="0.000" /><testcase classname="packages.config.tests.test_config.TestConfigBasics" name="test_get_negative_index" time="0.000" /><testcase classname="packages.config.tests.test_config.TestConfigBasics" name="test_get_names" time="0.000" /><testcase classname="packages.config.tests.test_config.TestConfigBasics" name="test_set_config" time="0.000" /><testcase classname="packages.config.tests.test_config.TestConfigBasics" name="test_config_not_found" time="0.000" /><testcase classname="packages.config.tests.test_config.TestFileLoading" name="test_load_yaml" time="0.003" /><testcase classname="packages.config.tests.test_config.TestFileLoading" name="test_load_json" time="0.001" /><testcase classname="packages.config.tests.test_config.TestFileLoading" name="test_load_multiple_sources" time="0.003" /><testcase classname="packages.config.tests.test_config.TestFileLoading" name="test_file_reference" time="0.001" /><testcase classname="packages.config.tests.test_config.TestFileLoading" name="test_nonexistent_file" time="0.000" /><testcase classname="packages.config.tests.test_config.TestDefaults" name="test_global_defaults" time="0.000" /><testcase classname="packages.config.tests.test_config.TestDefaults" name="test_type_specific_defaults" time="0.000" /><testcase classname="packages.config.tests.test_config.TestDefaults" name="test_default_precedence" time="0.000" /><testcase classname="packages.config.tests.test_config.TestMerging" name="test_merge_configs" time="0.000" /><testcase classname="packages.config.tests.test_config.TestMerging" name="test_merge_precedence_first" time="0.000" /><testcase classname="packages.config.tests.test_config.TestMerging" name="test_merge_precedence_last" time="0.000" /><testcase classname="packages.config.tests.test_config.TestExport" name="test_to_dict" time="0.001" /><testcase classname="packages.config.tests.test_config.TestExport" name="test_to_yaml_file" time="0.004" /><testcase classname="packages.config.tests.test_config.TestExport" name="test_to_json_file" time="0.001" /><testcase classname="packages.config.tests.test_config.TestAtomicConfig" name="test_auto_name_single" time="0.000" /><testcase classname="packages.config.tests.test_config.TestAtomicConfig" name="test_auto_name_multiple" time="0.000" /><testcase classname="packages.config.tests.test_config.TestAtomicConfig" name="test_type_attribute" time="0.000" /><testcase classname="packages.config.tests.test_config.TestAtomicConfig" name="test_type_mismatch" time="0.000" /><testcase classname="packages.config.tests.test_environment.TestEnvironmentVariableNaming" name="test_reference_to_env_var" time="0.000" /><testcase classname="packages.config.tests.test_environment.TestEnvironmentVariableNaming" name="test_env_var_to_reference" time="0.000" /><testcase classname="packages.config.tests.test_environment.TestEnvironmentVariableNaming" name="test_nested_attribute_naming" time="0.000" /><testcase classname="packages.config.tests.test_environment.TestEnvironmentVariableNaming" name="test_custom_prefix" time="0.000" /><testcase classname="packages.config.tests.test_environment.TestEnvironmentOverrides" name="test_simple_override" time="0.000" /><testcase classname="packages.config.tests.test_environment.TestEnvironmentOverrides" name="test_multiple_overrides" time="0.000" /><testcase classname="packages.config.tests.test_environment.TestEnvironmentOverrides" name="test_type_conversion" time="0.000" /><testcase classname="packages.config.tests.test_environment.TestEnvironmentOverrides" name="test_boolean_conversion" time="0.000" /><testcase classname="packages.config.tests.test_environment.TestEnvironmentOverrides" name="test_disable_env_overrides" time="0.000" /><testcase classname="packages.config.tests.test_environment.TestEnvironmentOverrides" name="test_override_nonexistent_config" time="0.000" /><testcase classname="packages.config.tests.test_environment.TestEnvironmentOverrides" name="test_nested_attribute_override" time="0.000" /><testcase classname="packages.config.tests.test_environment.TestEnvironmentIntegration" name="test_env_override_with_file_loading" time="0.001" /><testcase classname="packages.config.tests.test_environment.TestEnvironmentIntegration" name="test_env_override_precedence" time="0.000" /><testcase classname="packages.config.tests.test_lazy_factory.TestLazyFactoryAccess" name="test_get_factory_instance" time="0.000" /><testcase classname="packages.config.tests.test_lazy_factory.TestLazyFactoryAccess" name="test_factory_instance_cached" time="0.000" /><testcase classname="packages.config.tests.test_lazy_factory.TestLazyFactoryAccess" name="test_get_factory_no_factory_defined" time="0.000" /><testcase classname="packages.config.tests.test_lazy_factory.TestLazyFactoryAccess" name="test_get_factory_by_index" time="0.000" /><testcase classname="packages.config.tests.test_lazy_factory.TestLazyFactoryAccess" name="test_get_instance_with_factory" time="0.000" /><testcase classname="packages.config.tests.test_lazy_factory.TestLazyFactoryAccess" name="test_get_instance_with_class" time="0.000" /><testcase classname="packages.config.tests.test_lazy_factory.TestLazyFactoryAccess" name="test_get_instance_without_class_or_factory" time="0.000" /><testcase classname="packages.config.tests.test_lazy_factory.TestLazyFactoryAccess" name="test_get_instance_with_kwargs" time="0.000" /><testcase classname="packages.config.tests.test_lazy_factory.TestLazyFactoryAccess" name="test_multiple_factory_types" time="0.000" /><testcase classname="packages.config.tests.test_lazy_factory.TestLazyFactoryAccess" name="test_factory_cache_clearing" time="0.000" /><testcase classname="packages.config.tests.test_path_resolution.TestPathResolution" name="test_resolve_relative_paths" time="0.001" /><testcase classname="packages.config.tests.test_path_resolution.TestPathResolution" name="test_type_specific_path_attributes" time="0.001" /><testcase classname="packages.config.tests.test_path_resolution.TestPathResolution" name="test_global_root" time="0.001" /><testcase classname="packages.config.tests.test_path_resolution.TestPathResolution" name="test_type_specific_root" time="0.001" /><testcase classname="packages.config.tests.test_path_resolution.TestPathResolution" name="test_root_precedence" time="0.001" /><testcase classname="packages.config.tests.test_path_resolution.TestPathResolution" name="test_absolute_paths_unchanged" time="0.001" /><testcase classname="packages.config.tests.test_path_resolution.TestPathResolution" name="test_non_string_values_unchanged" time="0.001" /><testcase classname="packages.config.tests.test_path_resolution.TestPathResolution" name="test_no_global_root_raises_for_relative_paths" time="0.000" /><testcase classname="packages.config.tests.test_path_resolution.TestPathResolution" name="test_no_global_root_ok_for_absolute_paths" time="0.000" /><testcase classname="packages.config.tests.test_path_resolution.TestPathResolution" name="test_path_resolution_with_file_loading" time="0.002" /><testcase classname="packages.config.tests.test_references.TestReferenceParser" name="test_parse_named_reference" time="0.000" /><testcase classname="packages.config.tests.test_references.TestReferenceParser" name="test_parse_index_reference" time="0.000" /><testcase classname="packages.config.tests.test_references.TestReferenceParser" name="test_parse_negative_index" time="0.000" /><testcase classname="packages.config.tests.test_references.TestReferenceParser" name="test_parse_no_selector" time="0.000" /><testcase classname="packages.config.tests.test_references.TestReferenceParser" name="test_invalid_reference_format" time="0.000" /><testcase classname="packages.config.tests.test_references.TestReferenceResolution" name="test_resolve_by_name" time="0.000" /><testcase classname="packages.config.tests.test_references.TestReferenceResolution" name="test_resolve_by_index" time="0.000" /><testcase classname="packages.config.tests.test_references.TestReferenceResolution" name="test_resolve_negative_index" time="0.000" /><testcase classname="packages.config.tests.test_references.TestReferenceResolution" name="test_resolve_no_selector" time="0.000" /><testcase classname="packages.config.tests.test_references.TestReferenceResolution" name="test_resolve_nonexistent" time="0.000" /><testcase classname="packages.config.tests.test_references.TestReferenceBuilder" name="test_build_named_reference" time="0.000" /><testcase classname="packages.config.tests.test_references.TestReferenceBuilder" name="test_build_index_reference" time="0.000" /><testcase classname="packages.config.tests.test_references.TestNestedReferences" name="test_nested_reference_in_config" time="0.000" /><testcase classname="packages.config.tests.test_references.TestNestedReferences" name="test_reference_in_list" time="0.000" /><testcase classname="packages.config.tests.test_references.TestNestedReferences" name="test_circular_reference_detection" time="0.000" /><testcase classname="packages.config.tests.test_references.TestReferenceIntegration" name="test_cross_type_references" time="0.000" /><testcase classname="packages.config.tests.test_regex_path_resolution.TestRegexPathResolution" name="test_regex_pattern_matches_multiple_attributes" time="0.001" /><testcase classname="packages.config.tests.test_regex_path_resolution.TestRegexPathResolution" name="test_regex_pattern_with_type_specific" time="0.001" /><testcase classname="packages.config.tests.test_regex_path_resolution.TestRegexPathResolution" name="test_mixed_exact_and_regex_patterns" time="0.001" /><testcase classname="packages.config.tests.test_regex_path_resolution.TestRegexPathResolution" name="test_regex_pattern_with_groups" time="0.001" /><testcase classname="packages.config.tests.test_regex_path_resolution.TestRegexPathResolution" name="test_invalid_regex_pattern_ignored" time="0.001" /><testcase classname="packages.config.tests.test_regex_path_resolution.TestRegexPathResolution" name="test_regex_case_sensitive" time="0.001" /><testcase classname="packages.config.tests.test_regex_path_resolution.TestRegexPathResolution" name="test_regex_with_special_characters" time="0.001" /><testcase classname="packages.data.tests.test_backends.test_elasticsearch.TestSyncElasticsearchDatabase" name="test_create_database" time="0.000"><skipped type="pytest.skip" message="Elasticsearch tests require TEST_ELASTICSEARCH=true and a running Elasticsearch instance">/workdir/packages/data/tests/test_backends/test_elasticsearch.py:67: Elasticsearch tests require TEST_ELASTICSEARCH=true and a running Elasticsearch instance</skipped></testcase><testcase classname="packages.data.tests.test_backends.test_elasticsearch.TestSyncElasticsearchDatabase" name="test_crud_operations" time="0.000"><skipped type="pytest.skip" message="Elasticsearch tests require TEST_ELASTICSEARCH=true and a running Elasticsearch instance">/workdir/packages/data/tests/test_backends/test_elasticsearch.py:76: Elasticsearch tests require TEST_ELASTICSEARCH=true and a running Elasticsearch instance</skipped></testcase><testcase classname="packages.data.tests.test_backends.test_elasticsearch.TestSyncElasticsearchDatabase" name="test_exists" time="0.000"><skipped type="pytest.skip" message="Elasticsearch tests require TEST_ELASTICSEARCH=true and a running Elasticsearch instance">/workdir/packages/data/tests/test_backends/test_elasticsearch.py:113: Elasticsearch tests require TEST_ELASTICSEARCH=true and a running Elasticsearch instance</skipped></testcase><testcase classname="packages.data.tests.test_backends.test_elasticsearch.TestSyncElasticsearchDatabase" name="test_upsert" time="0.000"><skipped type="pytest.skip" message="Elasticsearch tests require TEST_ELASTICSEARCH=true and a running Elasticsearch instance">/workdir/packages/data/tests/test_backends/test_elasticsearch.py:124: Elasticsearch tests require TEST_ELASTICSEARCH=true and a running Elasticsearch instance</skipped></testcase><testcase classname="packages.data.tests.test_backends.test_elasticsearch.TestSyncElasticsearchDatabase" name="test_search_with_filters" time="0.000"><skipped type="pytest.skip" message="Elasticsearch tests require TEST_ELASTICSEARCH=true and a running Elasticsearch instance">/workdir/packages/data/tests/test_backends/test_elasticsearch.py:141: Elasticsearch tests require TEST_ELASTICSEARCH=true and a running Elasticsearch instance</skipped></testcase><testcase classname="packages.data.tests.test_backends.test_elasticsearch.TestSyncElasticsearchDatabase" name="test_search_with_sorting" time="0.000"><skipped type="pytest.skip" message="Elasticsearch tests require TEST_ELASTICSEARCH=true and a running Elasticsearch instance">/workdir/packages/data/tests/test_backends/test_elasticsearch.py:184: Elasticsearch tests require TEST_ELASTICSEARCH=true and a running Elasticsearch instance</skipped></testcase><testcase classname="packages.data.tests.test_backends.test_elasticsearch.TestSyncElasticsearchDatabase" name="test_search_with_pagination" time="0.000"><skipped type="pytest.skip" message="Elasticsearch tests require TEST_ELASTICSEARCH=true and a running Elasticsearch instance">/workdir/packages/data/tests/test_backends/test_elasticsearch.py:212: Elasticsearch tests require TEST_ELASTICSEARCH=true and a running Elasticsearch instance</skipped></testcase><testcase classname="packages.data.tests.test_backends.test_elasticsearch.TestSyncElasticsearchDatabase" name="test_batch_operations" time="0.000"><skipped type="pytest.skip" message="Elasticsearch tests require TEST_ELASTICSEARCH=true and a running Elasticsearch instance">/workdir/packages/data/tests/test_backends/test_elasticsearch.py:238: Elasticsearch tests require TEST_ELASTICSEARCH=true and a running Elasticsearch instance</skipped></testcase><testcase classname="packages.data.tests.test_backends.test_elasticsearch.TestSyncElasticsearchDatabase" name="test_count_and_clear" time="0.000"><skipped type="pytest.skip" message="Elasticsearch tests require TEST_ELASTICSEARCH=true and a running Elasticsearch instance">/workdir/packages/data/tests/test_backends/test_elasticsearch.py:265: Elasticsearch tests require TEST_ELASTICSEARCH=true and a running Elasticsearch instance</skipped></testcase><testcase classname="packages.data.tests.test_backends.test_elasticsearch.TestSyncElasticsearchDatabase" name="test_metadata_handling" time="0.000"><skipped type="pytest.skip" message="Elasticsearch tests require TEST_ELASTICSEARCH=true and a running Elasticsearch instance">/workdir/packages/data/tests/test_backends/test_elasticsearch.py:294: Elasticsearch tests require TEST_ELASTICSEARCH=true and a running Elasticsearch instance</skipped></testcase><testcase classname="packages.data.tests.test_backends.test_elasticsearch.TestSyncElasticsearchDatabase" name="test_special_characters" time="0.000"><skipped type="pytest.skip" message="Elasticsearch tests require TEST_ELASTICSEARCH=true and a running Elasticsearch instance">/workdir/packages/data/tests/test_backends/test_elasticsearch.py:306: Elasticsearch tests require TEST_ELASTICSEARCH=true and a running Elasticsearch instance</skipped></testcase><testcase classname="packages.data.tests.test_backends.test_elasticsearch.TestSyncElasticsearchDatabase" name="test_exists_filter" time="0.000"><skipped type="pytest.skip" message="Elasticsearch tests require TEST_ELASTICSEARCH=true and a running Elasticsearch instance">/workdir/packages/data/tests/test_backends/test_elasticsearch.py:320: Elasticsearch tests require TEST_ELASTICSEARCH=true and a running Elasticsearch instance</skipped></testcase><testcase classname="packages.data.tests.test_backends.test_elasticsearch.TestSyncElasticsearchDatabase" name="test_regex_filter" time="0.000"><skipped type="pytest.skip" message="Elasticsearch tests require TEST_ELASTICSEARCH=true and a running Elasticsearch instance">/workdir/packages/data/tests/test_backends/test_elasticsearch.py:343: Elasticsearch tests require TEST_ELASTICSEARCH=true and a running Elasticsearch instance</skipped></testcase><testcase classname="packages.data.tests.test_backends.test_elasticsearch.TestAsyncElasticsearchDatabase" name="test_async_crud_operations" time="0.000"><skipped type="pytest.skip" message="Elasticsearch tests require TEST_ELASTICSEARCH=true and a running Elasticsearch instance">/workdir/packages/data/tests/test_backends/test_elasticsearch.py:365: Elasticsearch tests require TEST_ELASTICSEARCH=true and a running Elasticsearch instance</skipped></testcase><testcase classname="packages.data.tests.test_backends.test_elasticsearch.TestAsyncElasticsearchDatabase" name="test_async_search" time="0.000"><skipped type="pytest.skip" message="Elasticsearch tests require TEST_ELASTICSEARCH=true and a running Elasticsearch instance">/workdir/packages/data/tests/test_backends/test_elasticsearch.py:392: Elasticsearch tests require TEST_ELASTICSEARCH=true and a running Elasticsearch instance</skipped></testcase><testcase classname="packages.data.tests.test_backends.test_elasticsearch.TestAsyncElasticsearchDatabase" name="test_async_context_manager" time="0.000"><skipped type="pytest.skip" message="Elasticsearch tests require TEST_ELASTICSEARCH=true and a running Elasticsearch instance">/workdir/packages/data/tests/test_backends/test_elasticsearch.py:408: Elasticsearch tests require TEST_ELASTICSEARCH=true and a running Elasticsearch instance</skipped></testcase><testcase classname="packages.data.tests.test_backends.test_file.TestFileDatabase" name="test_create_and_read" time="0.020" /><testcase classname="packages.data.tests.test_backends.test_file.TestFileDatabase" name="test_update" time="0.005" /><testcase classname="packages.data.tests.test_backends.test_file.TestFileDatabase" name="test_delete" time="0.004" /><testcase classname="packages.data.tests.test_backends.test_file.TestFileDatabase" name="test_exists" time="0.004" /><testcase classname="packages.data.tests.test_backends.test_file.TestFileDatabase" name="test_upsert" time="0.003" /><testcase classname="packages.data.tests.test_backends.test_file.TestFileDatabase" name="test_search_with_filters" time="0.003" /><testcase classname="packages.data.tests.test_backends.test_file.TestFileDatabase" name="test_search_with_sorting" time="0.003" /><testcase classname="packages.data.tests.test_backends.test_file.TestFileDatabase" name="test_search_with_pagination" time="0.005" /><testcase classname="packages.data.tests.test_backends.test_file.TestFileDatabase" name="test_batch_operations" time="0.003" /><testcase classname="packages.data.tests.test_backends.test_file.TestFileDatabase" name="test_csv_format" time="0.002" /><testcase classname="packages.data.tests.test_backends.test_file.TestFileDatabase" name="test_gzip_compression" time="0.002" /><testcase classname="packages.data.tests.test_backends.test_file.TestFileDatabase" name="test_persistence" time="0.001" /><testcase classname="packages.data.tests.test_backends.test_file.TestFileDatabase" name="test_concurrent_access" time="0.005" /><testcase classname="packages.data.tests.test_backends.test_file.TestSyncFileDatabase" name="test_create_and_read" time="0.001" /><testcase classname="packages.data.tests.test_backends.test_file.TestSyncFileDatabase" name="test_update" time="0.001" /><testcase classname="packages.data.tests.test_backends.test_file.TestSyncFileDatabase" name="test_delete" time="0.001" /><testcase classname="packages.data.tests.test_backends.test_file.TestSyncFileDatabase" name="test_search_with_filters" time="0.001" /><testcase classname="packages.data.tests.test_backends.test_file.TestSyncFileDatabase" name="test_batch_operations" time="0.001" /><testcase classname="packages.data.tests.test_backends.test_file.TestSyncFileDatabase" name="test_persistence" time="0.001" /><testcase classname="packages.data.tests.test_backends.test_file.TestSyncFileDatabase" name="test_format_detection" time="0.000" /><testcase classname="packages.data.tests.test_backends.test_postgres.TestSyncPostgresDatabase" name="test_create_database" time="0.000"><skipped type="pytest.skip" message="PostgreSQL tests require TEST_POSTGRES=true and a running PostgreSQL instance">/workdir/packages/data/tests/test_backends/test_postgres.py:61: PostgreSQL tests require TEST_POSTGRES=true and a running PostgreSQL instance</skipped></testcase><testcase classname="packages.data.tests.test_backends.test_postgres.TestSyncPostgresDatabase" name="test_crud_operations" time="0.000"><skipped type="pytest.skip" message="PostgreSQL tests require TEST_POSTGRES=true and a running PostgreSQL instance">/workdir/packages/data/tests/test_backends/test_postgres.py:70: PostgreSQL tests require TEST_POSTGRES=true and a running PostgreSQL instance</skipped></testcase><testcase classname="packages.data.tests.test_backends.test_postgres.TestSyncPostgresDatabase" name="test_exists" time="0.000"><skipped type="pytest.skip" message="PostgreSQL tests require TEST_POSTGRES=true and a running PostgreSQL instance">/workdir/packages/data/tests/test_backends/test_postgres.py:107: PostgreSQL tests require TEST_POSTGRES=true and a running PostgreSQL instance</skipped></testcase><testcase classname="packages.data.tests.test_backends.test_postgres.TestSyncPostgresDatabase" name="test_upsert" time="0.000"><skipped type="pytest.skip" message="PostgreSQL tests require TEST_POSTGRES=true and a running PostgreSQL instance">/workdir/packages/data/tests/test_backends/test_postgres.py:118: PostgreSQL tests require TEST_POSTGRES=true and a running PostgreSQL instance</skipped></testcase><testcase classname="packages.data.tests.test_backends.test_postgres.TestSyncPostgresDatabase" name="test_search_with_filters" time="0.000"><skipped type="pytest.skip" message="PostgreSQL tests require TEST_POSTGRES=true and a running PostgreSQL instance">/workdir/packages/data/tests/test_backends/test_postgres.py:135: PostgreSQL tests require TEST_POSTGRES=true and a running PostgreSQL instance</skipped></testcase><testcase classname="packages.data.tests.test_backends.test_postgres.TestSyncPostgresDatabase" name="test_search_with_sorting" time="0.000"><skipped type="pytest.skip" message="PostgreSQL tests require TEST_POSTGRES=true and a running PostgreSQL instance">/workdir/packages/data/tests/test_backends/test_postgres.py:175: PostgreSQL tests require TEST_POSTGRES=true and a running PostgreSQL instance</skipped></testcase><testcase classname="packages.data.tests.test_backends.test_postgres.TestSyncPostgresDatabase" name="test_search_with_pagination" time="0.000"><skipped type="pytest.skip" message="PostgreSQL tests require TEST_POSTGRES=true and a running PostgreSQL instance">/workdir/packages/data/tests/test_backends/test_postgres.py:200: PostgreSQL tests require TEST_POSTGRES=true and a running PostgreSQL instance</skipped></testcase><testcase classname="packages.data.tests.test_backends.test_postgres.TestSyncPostgresDatabase" name="test_batch_operations" time="0.000"><skipped type="pytest.skip" message="PostgreSQL tests require TEST_POSTGRES=true and a running PostgreSQL instance">/workdir/packages/data/tests/test_backends/test_postgres.py:223: PostgreSQL tests require TEST_POSTGRES=true and a running PostgreSQL instance</skipped></testcase><testcase classname="packages.data.tests.test_backends.test_postgres.TestSyncPostgresDatabase" name="test_count_and_clear" time="0.000"><skipped type="pytest.skip" message="PostgreSQL tests require TEST_POSTGRES=true and a running PostgreSQL instance">/workdir/packages/data/tests/test_backends/test_postgres.py:247: PostgreSQL tests require TEST_POSTGRES=true and a running PostgreSQL instance</skipped></testcase><testcase classname="packages.data.tests.test_backends.test_postgres.TestSyncPostgresDatabase" name="test_metadata_handling" time="0.000"><skipped type="pytest.skip" message="PostgreSQL tests require TEST_POSTGRES=true and a running PostgreSQL instance">/workdir/packages/data/tests/test_backends/test_postgres.py:270: PostgreSQL tests require TEST_POSTGRES=true and a running PostgreSQL instance</skipped></testcase><testcase classname="packages.data.tests.test_backends.test_postgres.TestSyncPostgresDatabase" name="test_special_characters" time="0.000"><skipped type="pytest.skip" message="PostgreSQL tests require TEST_POSTGRES=true and a running PostgreSQL instance">/workdir/packages/data/tests/test_backends/test_postgres.py:282: PostgreSQL tests require TEST_POSTGRES=true and a running PostgreSQL instance</skipped></testcase><testcase classname="packages.data.tests.test_backends.test_postgres.TestAsyncPostgresDatabase" name="test_async_crud_operations" time="0.000"><skipped type="pytest.skip" message="PostgreSQL tests require TEST_POSTGRES=true and a running PostgreSQL instance">/workdir/packages/data/tests/test_backends/test_postgres.py:301: PostgreSQL tests require TEST_POSTGRES=true and a running PostgreSQL instance</skipped></testcase><testcase classname="packages.data.tests.test_backends.test_postgres.TestAsyncPostgresDatabase" name="test_async_search" time="0.000"><skipped type="pytest.skip" message="PostgreSQL tests require TEST_POSTGRES=true and a running PostgreSQL instance">/workdir/packages/data/tests/test_backends/test_postgres.py:328: PostgreSQL tests require TEST_POSTGRES=true and a running PostgreSQL instance</skipped></testcase><testcase classname="packages.data.tests.test_backends.test_postgres.TestAsyncPostgresDatabase" name="test_async_context_manager" time="0.000"><skipped type="pytest.skip" message="PostgreSQL tests require TEST_POSTGRES=true and a running PostgreSQL instance">/workdir/packages/data/tests/test_backends/test_postgres.py:341: PostgreSQL tests require TEST_POSTGRES=true and a running PostgreSQL instance</skipped></testcase><testcase classname="packages.data.tests.test_fields.TestFieldType" name="test_field_type_values" time="0.000" /><testcase classname="packages.data.tests.test_fields.TestField" name="test_field_creation_with_type" time="0.000" /><testcase classname="packages.data.tests.test_fields.TestField" name="test_field_creation_with_metadata" time="0.000" /><testcase classname="packages.data.tests.test_fields.TestField" name="test_field_type_auto_detection" time="0.000" /><testcase classname="packages.data.tests.test_fields.TestField" name="test_field_validation" time="0.000" /><testcase classname="packages.data.tests.test_fields.TestField" name="test_field_conversion" time="0.000" /><testcase classname="packages.data.tests.test_fields.TestField" name="test_field_to_dict" time="0.000" /><testcase classname="packages.data.tests.test_fields.TestField" name="test_field_from_dict" time="0.000" /><testcase classname="packages.data.tests.test_memory_backend.TestSyncMemoryDatabase" name="test_create_database" time="0.000" /><testcase classname="packages.data.tests.test_memory_backend.TestSyncMemoryDatabase" name="test_crud_operations" time="0.000" /><testcase classname="packages.data.tests.test_memory_backend.TestSyncMemoryDatabase" name="test_exists" time="0.000" /><testcase classname="packages.data.tests.test_memory_backend.TestSyncMemoryDatabase" name="test_upsert" time="0.000" /><testcase classname="packages.data.tests.test_memory_backend.TestSyncMemoryDatabase" name="test_search_with_filters" time="0.001" /><testcase classname="packages.data.tests.test_memory_backend.TestSyncMemoryDatabase" name="test_search_with_sorting" time="0.000" /><testcase classname="packages.data.tests.test_memory_backend.TestSyncMemoryDatabase" name="test_search_with_pagination" time="0.001" /><testcase classname="packages.data.tests.test_memory_backend.TestSyncMemoryDatabase" name="test_search_with_projection" time="0.000" /><testcase classname="packages.data.tests.test_memory_backend.TestSyncMemoryDatabase" name="test_batch_operations" time="0.000" /><testcase classname="packages.data.tests.test_memory_backend.TestSyncMemoryDatabase" name="test_count_and_clear" time="0.000" /><testcase classname="packages.data.tests.test_memory_backend.TestSyncMemoryDatabase" name="test_context_manager" time="0.000" /><testcase classname="packages.data.tests.test_memory_backend.TestSyncMemoryDatabase" name="test_thread_safety" time="0.003" /><testcase classname="packages.data.tests.test_memory_backend.TestAsyncMemoryDatabase" name="test_async_crud_operations" time="0.001" /><testcase classname="packages.data.tests.test_memory_backend.TestAsyncMemoryDatabase" name="test_async_search" time="0.001" /><testcase classname="packages.data.tests.test_memory_backend.TestAsyncMemoryDatabase" name="test_async_batch_operations" time="0.001" /><testcase classname="packages.data.tests.test_memory_backend.TestAsyncMemoryDatabase" name="test_async_context_manager" time="0.001" /><testcase classname="packages.data.tests.test_memory_backend.TestAsyncMemoryDatabase" name="test_concurrent_operations" time="0.001" /><testcase classname="packages.data.tests.test_query.TestFilter" name="test_filter_creation" time="0.000" /><testcase classname="packages.data.tests.test_query.TestFilter" name="test_filter_matches" time="0.000" /><testcase classname="packages.data.tests.test_query.TestFilter" name="test_filter_to_from_dict" time="0.000" /><testcase classname="packages.data.tests.test_query.TestSortSpec" name="test_sort_spec_creation" time="0.000" /><testcase classname="packages.data.tests.test_query.TestSortSpec" name="test_sort_spec_to_from_dict" time="0.000" /><testcase classname="packages.data.tests.test_query.TestQuery" name="test_query_creation" time="0.000" /><testcase classname="packages.data.tests.test_query.TestQuery" name="test_query_fluent_interface" time="0.000" /><testcase classname="packages.data.tests.test_query.TestQuery" name="test_query_filter_operator_mapping" time="0.000" /><testcase classname="packages.data.tests.test_query.TestQuery" name="test_query_clear_methods" time="0.000" /><testcase classname="packages.data.tests.test_query.TestQuery" name="test_query_to_from_dict" time="0.000" /><testcase classname="packages.data.tests.test_query.TestQuery" name="test_query_copy" time="0.000" /><testcase classname="packages.data.tests.test_records.TestRecord" name="test_record_creation_from_dict" time="0.000" /><testcase classname="packages.data.tests.test_records.TestRecord" name="test_record_creation_from_fields" time="0.000" /><testcase classname="packages.data.tests.test_records.TestRecord" name="test_record_with_metadata" time="0.000" /><testcase classname="packages.data.tests.test_records.TestRecord" name="test_get_and_set_field" time="0.000" /><testcase classname="packages.data.tests.test_records.TestRecord" name="test_remove_field" time="0.000" /><testcase classname="packages.data.tests.test_records.TestRecord" name="test_has_field" time="0.000" /><testcase classname="packages.data.tests.test_records.TestRecord" name="test_field_names_and_count" time="0.000" /><testcase classname="packages.data.tests.test_records.TestRecord" name="test_dict_like_access" time="0.000" /><testcase classname="packages.data.tests.test_records.TestRecord" name="test_iteration" time="0.000" /><testcase classname="packages.data.tests.test_records.TestRecord" name="test_validation" time="0.000" /><testcase classname="packages.data.tests.test_records.TestRecord" name="test_to_dict" time="0.000" /><testcase classname="packages.data.tests.test_records.TestRecord" name="test_from_dict" time="0.000" /><testcase classname="packages.data.tests.test_records.TestRecord" name="test_copy" time="0.000" /><testcase classname="packages.data.tests.test_records.TestRecord" name="test_project" time="0.000" /><testcase classname="packages.data.tests.test_records.TestRecord" name="test_merge" time="0.000" /><testcase classname="packages.legacy.tests.test_legacy_imports" name="test_legacy_package_deprecation_warning" time="0.001" /><testcase classname="packages.legacy.tests.test_legacy_imports" name="test_legacy_utils_imports" time="0.001" /><testcase classname="packages.legacy.tests.test_legacy_imports" name="test_legacy_structures_imports" time="0.001" /><testcase classname="packages.legacy.tests.test_legacy_imports" name="test_legacy_xization_imports" time="0.001" /><testcase classname="packages.legacy.tests.test_legacy_imports" name="test_legacy_package_version" time="0.000" /><testcase classname="packages.legacy.tests.test_legacy_imports" name="test_backward_compatibility_json_utils" time="0.000" /><testcase classname="packages.legacy.tests.test_legacy_imports" name="test_backward_compatibility_file_utils" time="0.000" /><testcase classname="packages.structures.tests.test_conditional_dict" name="test_basics" time="0.000" /><testcase classname="packages.structures.tests.test_conditional_dict" name="test_enforce_constraints_on_construction" time="0.000" /><testcase classname="packages.structures.tests.test_conditional_dict" name="test_enforce_constraints_on_update" time="0.000" /><testcase classname="packages.structures.tests.test_conditional_dict" name="test_enforce_constraints_on_setdefault" time="0.000" /><testcase classname="packages.structures.tests.test_document" name="test_simple_text" time="0.000" /><testcase classname="packages.structures.tests.test_record_store" name="test_basics" time="0.007" /><testcase classname="packages.structures.tests.test_record_store" name="test_no_backing_file" time="0.001" /><testcase classname="packages.structures.tests.test_tree" name="test_basics" time="0.000" /><testcase classname="packages.structures.tests.test_tree" name="test_find_nodes" time="0.000" /><testcase classname="packages.structures.tests.test_tree" name="test_collect_all_terminal_nodes" time="0.000" /><testcase classname="packages.structures.tests.test_tree" name="test_collect_some_terminal_nodes" time="0.000" /><testcase classname="packages.structures.tests.test_tree" name="test_path_and_ancestor" time="0.000" /><testcase classname="packages.structures.tests.test_tree" name="test_deepest_common_ancestor" time="0.000" /><testcase classname="packages.structures.tests.test_tree" name="test_prune" time="0.000" /><testcase classname="packages.structures.tests.test_tree" name="test_insert" time="0.000" /><testcase classname="packages.structures.tests.test_tree" name="test_get_deepest_left_and_right" time="0.001" /><testcase classname="packages.structures.tests.test_tree" name="test_edges" time="0.000" /><testcase classname="packages.structures.tests.test_tree" name="test_build_tree1" time="0.002" /><testcase classname="packages.structures.tests.test_tree" name="test_build_tree2" time="0.000" /><testcase classname="packages.utils.tests.test_elasticsearch_utils" name="test_build_field_query_dict_basic_noop" time="0.000" /><testcase classname="packages.utils.tests.test_elasticsearch_utils" name="test_build_field_query_dict_basic_withop" time="0.000" /><testcase classname="packages.utils.tests.test_elasticsearch_utils" name="test_build_field_query_dict_single_multifield" time="0.000" /><testcase classname="packages.utils.tests.test_elasticsearch_utils" name="test_build_field_query_dict_multifield" time="0.000" /><testcase classname="packages.utils.tests.test_elasticsearch_utils" name="test_build_phrase_query_dict" time="0.000" /><testcase classname="packages.utils.tests.test_elasticsearch_utils" name="test_batchfile_functions" time="0.001" /><testcase classname="packages.utils.tests.test_elasticsearch_utils" name="test_elasticsearch_index" time="0.002" /><testcase classname="packages.utils.tests.test_file_utils" name="test_basics" time="0.001" /><testcase classname="packages.utils.tests.test_file_utils" name="test_is_gzip_file" time="0.002" /><testcase classname="packages.utils.tests.test_json_extractor.TestJSONExtractor" name="test_complete_json" time="0.000" /><testcase classname="packages.utils.tests.test_json_extractor.TestJSONExtractor" name="test_multiple_json" time="0.000" /><testcase classname="packages.utils.tests.test_json_extractor.TestJSONExtractor" name="test_nested_json" time="0.000" /><testcase classname="packages.utils.tests.test_json_extractor.TestJSONExtractor" name="test_malformed_json_unclosed_brace" time="0.000" /><testcase classname="packages.utils.tests.test_json_extractor.TestJSONExtractor" name="test_malformed_json_unclosed_string" time="0.000" /><testcase classname="packages.utils.tests.test_json_extractor.TestJSONExtractor" name="test_malformed_json_trailing_comma" time="0.000" /><testcase classname="packages.utils.tests.test_json_extractor.TestJSONExtractor" name="test_no_json" time="0.000" /><testcase classname="packages.utils.tests.test_json_extractor.TestJSONExtractor" name="test_multiple_malformed_json" time="0.000" /><testcase classname="packages.utils.tests.test_json_extractor.TestJSONExtractor" name="test_severely_malformed_json" time="0.000" /><testcase classname="packages.utils.tests.test_json_extractor.TestJSONExtractor" name="test_json_with_escaped_quotes" time="0.000" /><testcase classname="packages.utils.tests.test_json_utils" name="test_get_value" time="0.000" /><testcase classname="packages.utils.tests.test_json_utils" name="test_get_value2" time="0.001" /><testcase classname="packages.utils.tests.test_json_utils" name="test_count_uniques" time="0.001" /><testcase classname="packages.utils.tests.test_json_utils" name="test_count_limited_uniques" time="0.001" /><testcase classname="packages.utils.tests.test_json_utils" name="test_invert_values" time="0.002" /><testcase classname="packages.utils.tests.test_json_utils" name="test_squash_and_explode_data1" time="0.001" /><testcase classname="packages.utils.tests.test_json_utils" name="test_squash_and_explode_data2" time="0.001" /><testcase classname="packages.utils.tests.test_llm_utils" name="test_get_value_by_key" time="0.000" /><testcase classname="packages.utils.tests.test_llm_utils" name="test_prompt_message" time="0.000" /><testcase classname="packages.utils.tests.test_llm_utils" name="test_prompt_message_build_instance" time="0.000" /><testcase classname="packages.utils.tests.test_llm_utils" name="test_prompt_tree_construction" time="0.000" /><testcase classname="packages.utils.tests.test_llm_utils" name="test_prompt_tree_serialization_roundtrip" time="0.001" /><testcase classname="packages.utils.tests.test_llm_utils" name="test_get_duration_and_apply" time="0.000" /><testcase classname="packages.utils.tests.test_pandas_utils" name="test_dicts2df" time="0.004" /><testcase classname="packages.utils.tests.test_pandas_utils" name="test_sort_by_str_length" time="0.001" /><testcase classname="packages.utils.tests.test_pandas_utils" name="test_group_manager_explode_empties" time="0.002" /><testcase classname="packages.utils.tests.test_pandas_utils" name="test_group_manager_explode" time="0.001" /><testcase classname="packages.utils.tests.test_pandas_utils" name="test_group_manager_mark_and_unmark" time="0.012" /><testcase classname="packages.utils.tests.test_pandas_utils" name="test_group_manager_find_subsets" time="0.020" /><testcase classname="packages.utils.tests.test_pandas_utils" name="test_group_manager_subgroups" time="0.010" /><testcase classname="packages.utils.tests.test_requests_utils" name="test_get_current_ip" time="0.000" /><testcase classname="packages.utils.tests.test_requests_utils" name="test_server_response_repr1" time="0.000" /><testcase classname="packages.utils.tests.test_requests_utils" name="test_server_response_repr2" time="0.000" /><testcase classname="packages.utils.tests.test_resource_utils" name="test_get_nltk_wordnet" time="0.000" /><testcase classname="packages.utils.tests.test_stats_utils" name="test_empty" time="0.000" /><testcase classname="packages.utils.tests.test_stats_utils" name="test_stats_accumulator_basics1" time="0.000" /><testcase classname="packages.utils.tests.test_stats_utils" name="test_stats_accumulator_basics2" time="0.000" /><testcase classname="packages.utils.tests.test_stats_utils" name="test_combine" time="0.000" /><testcase classname="packages.utils.tests.test_stats_utils" name="test_copy_constructor" time="0.000" /><testcase classname="packages.utils.tests.test_stats_utils" name="test_initialize_from_dict1" time="0.000" /><testcase classname="packages.utils.tests.test_stats_utils" name="test_floating_point" time="0.000" /><testcase classname="packages.utils.tests.test_stats_utils" name="test_simple1" time="0.152" /><testcase classname="packages.utils.tests.test_stats_utils" name="test_monitor_basics_with_processing" time="0.178" /><testcase classname="packages.utils.tests.test_stats_utils" name="test_monitor_basics_with_access_only" time="0.165" /><testcase classname="packages.utils.tests.test_stats_utils" name="test_monitor_manager_basics" time="0.173" /><testcase classname="packages.utils.tests.test_stats_utils" name="test_key_manager" time="0.001" /><testcase classname="packages.utils.tests.test_xml_utils" name="test_xml_leaf_stream" time="0.001" /><testcase classname="packages.utils.tests.test_xml_utils" name="test_xml_element_grabber" time="0.001" /><testcase classname="packages.xization.tests.test_authorities" name="test_regex_authority_no_groups" time="0.003" /><testcase classname="packages.xization.tests.test_authorities" name="test_regex_authority_no_name_groups" time="0.002" /><testcase classname="packages.xization.tests.test_authorities" name="test_regex_authority_named_groups" time="0.004" /><testcase classname="packages.xization.tests.test_masking_tokenizer" name="test_empty_tokenization" time="0.004" /><testcase classname="packages.xization.tests.test_masking_tokenizer" name="test_dual_tokenization" time="0.008" /><testcase classname="packages.xization.tests.test_masking_tokenizer" name="test_simple_tokenization" time="0.006" /><testcase classname="packages.xization.tests.test_masking_tokenizer" name="test_emoji_tokenization_with_camelcase" time="1.233" /><testcase classname="packages.xization.tests.test_masking_tokenizer" name="test_emoji_tokenization_without_camelcase" time="1.205" /><testcase classname="packages.xization.tests.test_normalize" name="test_expand_camelcase_fn" time="0.000" /><testcase classname="packages.xization.tests.test_normalize" name="test_drop_non_embedded_symbols_fn" time="0.000" /><testcase classname="packages.xization.tests.test_normalize" name="test_drop_embedded_symbols_fn" time="0.000" /><testcase classname="packages.xization.tests.test_normalize" name="test_get_hyphen_slash_expansions_fn" time="0.000" /><testcase classname="packages.xization.tests.test_normalize" name="test_drop_parentheticals_fn" time="0.000" /><testcase classname="packages.xization.tests.test_normalize" name="test_expand_ampersand_fn" time="0.000" /><testcase classname="packages.xization.tests.test_normalize" name="test_get_all_string_variations" time="0.000" /><testcase classname="packages.xization.tests.test_normalize" name="test_int_to_en" time="0.000" /><testcase classname="packages.xization.tests.test_normalize" name="test_replace_smart_quotes_fn" time="0.000" /><testcase classname="packages.xization.tests.test_normalize" name="test_basic_normalization_fn" time="0.001" /></testsuite></testsuites>